#
# A fatal error has been detected by the Java Runtime Environment:
#
#  EXCEPTION_ACCESS_VIOLATION (0xc0000005) at pc=0x00007ffa57ffd1f9, pid=11992, tid=13528
#
# JRE version: Java(TM) SE Runtime Environment (23.0.1+11) (build 23.0.1+11-39)
# Java VM: Java HotSpot(TM) 64-Bit Server VM (23.0.1+11-39, mixed mode, sharing, tiered, compressed oops, compressed class ptrs, g1 gc, windows-amd64)
# Problematic frame:
# C  [lwjgl_opengl.dll+0xd1f9]
#
# No core dump will be written. Minidumps are not enabled by default on client versions of Windows
#
# If you would like to submit a bug report, please visit:
#   https://bugreport.java.com/bugreport/crash.jsp
# The crash happened outside the Java Virtual Machine in native code.
# See problematic frame for where to report the bug.
#

---------------  S U M M A R Y ------------

Command Line: -Dfile.encoding=UTF-8 -Duser.country=US -Duser.language=en -Duser.variant edu.zerosquares.Main

Host: Intel(R) Core(TM) i5-8265U CPU @ 1.60GHz, 8 cores, 7G,  Windows 11 , 64 bit Build 22621 (10.0.22621.4391)
Time: Fri Nov  1 14:31:33 2024 Syria Standard Time elapsed time: 0.449298 seconds (0d 0h 0m 0s)

---------------  T H R E A D  ---------------

Current thread (0x000001a9083e01c0):  JavaThread "main"             [_thread_in_native, id=13528, stack(0x00000076f5400000,0x00000076f5500000) (1024K)]

Stack: [0x00000076f5400000,0x00000076f5500000],  sp=0x00000076f54ff058,  free space=1020k
Native frames: (J=compiled Java code, j=interpreted, Vv=VM code, C=native code)
C  [lwjgl_opengl.dll+0xd1f9]  (no source info available)

Java frames: (J=compiled Java code, j=interpreted, Vv=VM code)
j  org.lwjgl.opengl.GL11C.glClearColor(FFFF)V+0
j  org.lwjgl.opengl.GL11.glClearColor(FFFF)V+4
j  square.Window.showIntroScreen()V+4
j  square.Window.run()V+19
j  edu.zerosquares.Main.main([Ljava/lang/String;)V+5
v  ~StubRoutines::call_stub 0x000001a91a2b0fcd

siginfo: EXCEPTION_ACCESS_VIOLATION (0xc0000005), reading address 0x0000000000000070


Registers:
RAX=0x0000000000000000, RBX=0x000001a96953f7c0, RCX=0x000001a9083e0580, RDX=0x00000076f54ff100
RSP=0x00000076f54ff058, RBP=0x00000076f54ff0f0, RSI=0x0000000000002f00, RDI=0x000001a91a2b8700
R8 =0x0000000000000002, R9 =0x0000000000000002, R10=0x000001a91a2bd1d8, R11=0x0000000089766930
R12=0x0000000000000000, R13=0x000001a96953f7b8, R14=0x00000076f54ff128, R15=0x000001a9083e01c0
RIP=0x00007ffa57ffd1f9, EFLAGS=0x0000000000010202


Register to memory mapping:

RAX=0x0 is null
RBX={method} {0x000001a96953f7c8} 'glClearColor' '(FFFF)V' in 'org/lwjgl/opengl/GL11C'
RCX=0x000001a9083e0580 points into unknown readable memory: 0x000001a96d0f2aa0 | a0 2a 0f 6d a9 01 00 00
RDX=0x00000076f54ff100 is pointing into the stack for thread: 0x000001a9083e01c0
RSP=0x00000076f54ff058 is pointing into the stack for thread: 0x000001a9083e01c0
RBP=0x00000076f54ff0f0 is pointing into the stack for thread: 0x000001a9083e01c0
RSI=0x0000000000002f00 is an unknown value
RDI=0x000001a91a2b8700 is at code_begin+1280 in an Interpreter codelet
return entry points  [0x000001a91a2b8200, 0x000001a91a2b8e90]  3216 bytes
R8 =0x0000000000000002 is an unknown value
R9 =0x0000000000000002 is an unknown value
R10=0x000001a91a2bd1d8 is at code_begin+1016 in an Interpreter codelet
native method entry point (kind = native)  [0x000001a91a2bcde0, 0x000001a91a2bd938]  2904 bytes
R11=0x0000000089766930 is an oop: java.lang.Class 
{0x0000000089766930} - klass: 'java/lang/Class'
 - ---- fields (total size 116 words):
 - private volatile transient 'classRedefinedCount' 'I' @12  0 (0x00000000)
 - injected 'klass' 'J' @16  1826049086608 (0x000001a92901d490)
 - injected 'array_klass' 'J' @24  0 (0x0000000000000000)
 - injected 'oop_size' 'I' @32  116 (0x00000074)
 - injected 'static_oop_field_count' 'I' @36  0 (0x00000000)
 - private volatile transient 'cachedConstructor' 'Ljava/lang/reflect/Constructor;' @40  null (0x00000000)
 - private transient 'name' 'Ljava/lang/String;' @44  "org.lwjgl.opengl.GL11C"{0x0000000089766ce0} (0x89766ce0)
 - private transient 'module' 'Ljava/lang/Module;' @48  a 'java/lang/Module'{0x0000000089d6d868} (0x89d6d868)
 - private final 'classLoader' 'Ljava/lang/ClassLoader;' @52  a 'jdk/internal/loader/ClassLoaders$AppClassLoader'{0x0000000089d6d6a8} (0x89d6d6a8)
 - private transient 'classData' 'Ljava/lang/Object;' @56  null (0x00000000)
 - private transient 'packageName' 'Ljava/lang/String;' @60  "org.lwjgl.opengl"{0x00000000898c7630} (0x898c7630)
 - private final 'componentType' 'Ljava/lang/Class;' @64  null (0x00000000)
 - private volatile transient 'reflectionData' 'Ljava/lang/ref/SoftReference;' @68  null (0x00000000)
 - private volatile transient 'genericInfo' 'Lsun/reflect/generics/repository/ClassRepository;' @72  null (0x00000000)
 - private volatile transient 'enumConstants' '[Ljava/lang/Object;' @76  null (0x00000000)
 - private volatile transient 'enumConstantDirectory' 'Ljava/util/Map;' @80  null (0x00000000)
 - private volatile transient 'annotationData' 'Ljava/lang/Class$AnnotationData;' @84  null (0x00000000)
 - private volatile transient 'annotationType' 'Lsun/reflect/annotation/AnnotationType;' @88  null (0x00000000)
 - transient 'classValueMap' 'Ljava/lang/ClassValue$ClassValueMap;' @92  null (0x00000000)
 - injected 'protection_domain' 'Ljava/lang/Object;' @96  a 'java/security/ProtectionDomain'{0x00000000898ea980} (0x898ea980)
 - injected 'signers_name' 'Ljava/lang/Object;' @100  null (0x00000000)
 - injected 'source_file' 'Ljava/lang/Object;' @104  null (0x00000000)
 - signature: Lorg/lwjgl/opengl/GL11C;
 - ---- static fields (0):
 - public static final 'GL_NEVER' 'I' @112  512 (0x00000200)
 - public static final 'GL_LESS' 'I' @116  513 (0x00000201)
 - public static final 'GL_EQUAL' 'I' @120  514 (0x00000202)
 - public static final 'GL_LEQUAL' 'I' @124  515 (0x00000203)
 - public static final 'GL_GREATER' 'I' @128  516 (0x00000204)
 - public static final 'GL_NOTEQUAL' 'I' @132  517 (0x00000205)
 - public static final 'GL_GEQUAL' 'I' @136  518 (0x00000206)
 - public static final 'GL_ALWAYS' 'I' @140  519 (0x00000207)
 - public static final 'GL_DEPTH_BUFFER_BIT' 'I' @144  256 (0x00000100)
 - public static final 'GL_STENCIL_BUFFER_BIT' 'I' @148  1024 (0x00000400)
 - public static final 'GL_COLOR_BUFFER_BIT' 'I' @152  16384 (0x00004000)
 - public static final 'GL_POINTS' 'I' @156  0 (0x00000000)
 - public static final 'GL_LINES' 'I' @160  1 (0x00000001)
 - public static final 'GL_LINE_LOOP' 'I' @164  2 (0x00000002)
 - public static final 'GL_LINE_STRIP' 'I' @168  3 (0x00000003)
 - public static final 'GL_TRIANGLES' 'I' @172  4 (0x00000004)
 - public static final 'GL_TRIANGLE_STRIP' 'I' @176  5 (0x00000005)
 - public static final 'GL_TRIANGLE_FAN' 'I' @180  6 (0x00000006)
 - public static final 'GL_QUADS' 'I' @184  7 (0x00000007)
 - public static final 'GL_ZERO' 'I' @188  0 (0x00000000)
 - public static final 'GL_ONE' 'I' @192  1 (0x00000001)
 - public static final 'GL_SRC_COLOR' 'I' @196  768 (0x00000300)
 - public static final 'GL_ONE_MINUS_SRC_COLOR' 'I' @200  769 (0x00000301)
 - public static final 'GL_SRC_ALPHA' 'I' @204  770 (0x00000302)
 - public static final 'GL_ONE_MINUS_SRC_ALPHA' 'I' @208  771 (0x00000303)
 - public static final 'GL_DST_ALPHA' 'I' @212  772 (0x00000304)
 - public static final 'GL_ONE_MINUS_DST_ALPHA' 'I' @216  773 (0x00000305)
 - public static final 'GL_DST_COLOR' 'I' @220  774 (0x00000306)
 - public static final 'GL_ONE_MINUS_DST_COLOR' 'I' @224  775 (0x00000307)
 - public static final 'GL_SRC_ALPHA_SATURATE' 'I' @228  776 (0x00000308)
 - public static final 'GL_TRUE' 'I' @232  1 (0x00000001)
 - public static final 'GL_FALSE' 'I' @236  0 (0x00000000)
 - public static final 'GL_BYTE' 'I' @240  5120 (0x00001400)
 - public static final 'GL_UNSIGNED_BYTE' 'I' @244  5121 (0x00001401)
 - public static final 'GL_SHORT' 'I' @248  5122 (0x00001402)
 - public static final 'GL_UNSIGNED_SHORT' 'I' @252  5123 (0x00001403)
 - public static final 'GL_INT' 'I' @256  5124 (0x00001404)
 - public static final 'GL_UNSIGNED_INT' 'I' @260  5125 (0x00001405)
 - public static final 'GL_FLOAT' 'I' @264  5126 (0x00001406)
 - public static final 'GL_DOUBLE' 'I' @268  5130 (0x0000140a)
 - public static final 'GL_NONE' 'I' @272  0 (0x00000000)
 - public static final 'GL_FRONT_LEFT' 'I' @276  1024 (0x00000400)
 - public static final 'GL_FRONT_RIGHT' 'I' @280  1025 (0x00000401)
 - public static final 'GL_BACK_LEFT' 'I' @284  1026 (0x00000402)
 - public static final 'GL_BACK_RIGHT' 'I' @288  1027 (0x00000403)
 - public static final 'GL_FRONT' 'I' @292  1028 (0x00000404)
 - public static final 'GL_BACK' 'I' @296  1029 (0x00000405)
 - public static final 'GL_LEFT' 'I' @300  1030 (0x00000406)
 - public static final 'GL_RIGHT' 'I' @304  1031 (0x00000407)
 - public static final 'GL_FRONT_AND_BACK' 'I' @308  1032 (0x00000408)
 - public static final 'GL_NO_ERROR' 'I' @312  0 (0x00000000)
 - public static final 'GL_INVALID_ENUM' 'I' @316  1280 (0x00000500)
 - public static final 'GL_INVALID_VALUE' 'I' @320  1281 (0x00000501)
 - public static final 'GL_INVALID_OPERATION' 'I' @324  1282 (0x00000502)
 - public static final 'GL_STACK_OVERFLOW' 'I' @328  1283 (0x00000503)
 - public static final 'GL_STACK_UNDERFLOW' 'I' @332  1284 (0x00000504)
 - public static final 'GL_OUT_OF_MEMORY' 'I' @336  1285 (0x00000505)
 - public static final 'GL_CW' 'I' @340  2304 (0x00000900)
 - public static final 'GL_CCW' 'I' @344  2305 (0x00000901)
 - public static final 'GL_POINT_SIZE' 'I' @348  2833 (0x00000b11)
 - public static final 'GL_POINT_SIZE_RANGE' 'I' @352  2834 (0x00000b12)
 - public static final 'GL_POINT_SIZE_GRANULARITY' 'I' @356  2835 (0x00000b13)
 - public static final 'GL_LINE_SMOOTH' 'I' @360  2848 (0x00000b20)
 - public static final 'GL_LINE_WIDTH' 'I' @364  2849 (0x00000b21)
 - public static final 'GL_LINE_WIDTH_RANGE' 'I' @368  2850 (0x00000b22)
 - public static final 'GL_LINE_WIDTH_GRANULARITY' 'I' @372  2851 (0x00000b23)
 - public static final 'GL_POLYGON_MODE' 'I' @376  2880 (0x00000b40)
 - public static final 'GL_POLYGON_SMOOTH' 'I' @380  2881 (0x00000b41)
 - public static final 'GL_CULL_FACE' 'I' @384  2884 (0x00000b44)
 - public static final 'GL_CULL_FACE_MODE' 'I' @388  2885 (0x00000b45)
 - public static final 'GL_FRONT_FACE' 'I' @392  2886 (0x00000b46)
 - public static final 'GL_DEPTH_RANGE' 'I' @396  2928 (0x00000b70)
 - public static final 'GL_DEPTH_TEST' 'I' @400  2929 (0x00000b71)
 - public static final 'GL_DEPTH_WRITEMASK' 'I' @404  2930 (0x00000b72)
 - public static final 'GL_DEPTH_CLEAR_VALUE' 'I' @408  2931 (0x00000b73)
 - public static final 'GL_DEPTH_FUNC' 'I' @412  2932 (0x00000b74)
 - public static final 'GL_STENCIL_TEST' 'I' @416  2960 (0x00000b90)
 - public static final 'GL_STENCIL_CLEAR_VALUE' 'I' @420  2961 (0x00000b91)
 - public static final 'GL_STENCIL_FUNC' 'I' @424  2962 (0x00000b92)
 - public static final 'GL_STENCIL_VALUE_MASK' 'I' @428  2963 (0x00000b93)
 - public static final 'GL_STENCIL_FAIL' 'I' @432  2964 (0x00000b94)
 - public static final 'GL_STENCIL_PASS_DEPTH_FAIL' 'I' @436  2965 (0x00000b95)
 - public static final 'GL_STENCIL_PASS_DEPTH_PASS' 'I' @440  2966 (0x00000b96)
 - public static final 'GL_STENCIL_REF' 'I' @444  2967 (0x00000b97)
 - public static final 'GL_STENCIL_WRITEMASK' 'I' @448  2968 (0x00000b98)
 - public static final 'GL_VIEWPORT' 'I' @452  2978 (0x00000ba2)
 - public static final 'GL_DITHER' 'I' @456  3024 (0x00000bd0)
 - public static final 'GL_BLEND_DST' 'I' @460  3040 (0x00000be0)
 - public static final 'GL_BLEND_SRC' 'I' @464  3041 (0x00000be1)
 - public static final 'GL_BLEND' 'I' @468  3042 (0x00000be2)
 - public static final 'GL_LOGIC_OP_MODE' 'I' @472  3056 (0x00000bf0)
 - public static final 'GL_COLOR_LOGIC_OP' 'I' @476  3058 (0x00000bf2)
 - public static final 'GL_DRAW_BUFFER' 'I' @480  3073 (0x00000c01)
 - public static final 'GL_READ_BUFFER' 'I' @484  3074 (0x00000c02)
 - public static final 'GL_SCISSOR_BOX' 'I' @488  3088 (0x00000c10)
 - public static final 'GL_SCISSOR_TEST' 'I' @492  3089 (0x00000c11)
 - public static final 'GL_COLOR_CLEAR_VALUE' 'I' @496  3106 (0x00000c22)
 - public static final 'GL_COLOR_WRITEMASK' 'I' @500  3107 (0x00000c23)
 - public static final 'GL_DOUBLEBUFFER' 'I' @504  3122 (0x00000c32)
 - public static final 'GL_STEREO' 'I' @508  3123 (0x00000c33)
 - public static final 'GL_LINE_SMOOTH_HINT' 'I' @512  3154 (0x00000c52)
 - public static final 'GL_POLYGON_SMOOTH_HINT' 'I' @516  3155 (0x00000c53)
 - public static final 'GL_UNPACK_SWAP_BYTES' 'I' @520  3312 (0x00000cf0)
 - public static final 'GL_UNPACK_LSB_FIRST' 'I' @524  3313 (0x00000cf1)
 - public static final 'GL_UNPACK_ROW_LENGTH' 'I' @528  3314 (0x00000cf2)
 - public static final 'GL_UNPACK_SKIP_ROWS' 'I' @532  3315 (0x00000cf3)
 - public static final 'GL_UNPACK_SKIP_PIXELS' 'I' @536  3316 (0x00000cf4)
 - public static final 'GL_UNPACK_ALIGNMENT' 'I' @540  3317 (0x00000cf5)
 - public static final 'GL_PACK_SWAP_BYTES' 'I' @544  3328 (0x00000d00)
 - public static final 'GL_PACK_LSB_FIRST' 'I' @548  3329 (0x00000d01)
 - public static final 'GL_PACK_ROW_LENGTH' 'I' @552  3330 (0x00000d02)
 - public static final 'GL_PACK_SKIP_ROWS' 'I' @556  3331 (0x00000d03)
 - public static final 'GL_PACK_SKIP_PIXELS' 'I' @560  3332 (0x00000d04)
 - public static final 'GL_PACK_ALIGNMENT' 'I' @564  3333 (0x00000d05)
 - public static final 'GL_MAX_TEXTURE_SIZE' 'I' @568  3379 (0x00000d33)
 - public static final 'GL_MAX_VIEWPORT_DIMS' 'I' @572  3386 (0x00000d3a)
 - public static final 'GL_SUBPIXEL_BITS' 'I' @576  3408 (0x00000d50)
 - public static final 'GL_TEXTURE_1D' 'I' @580  3552 (0x00000de0)
 - public static final 'GL_TEXTURE_2D' 'I' @584  3553 (0x00000de1)
 - public static final 'GL_TEXTURE_WIDTH' 'I' @588  4096 (0x00001000)
 - public static final 'GL_TEXTURE_HEIGHT' 'I' @592  4097 (0x00001001)
 - public static final 'GL_TEXTURE_INTERNAL_FORMAT' 'I' @596  4099 (0x00001003)
 - public static final 'GL_TEXTURE_BORDER_COLOR' 'I' @600  4100 (0x00001004)
 - public static final 'GL_DONT_CARE' 'I' @604  4352 (0x00001100)
 - public static final 'GL_FASTEST' 'I' @608  4353 (0x00001101)
 - public static final 'GL_NICEST' 'I' @612  4354 (0x00001102)
 - public static final 'GL_CLEAR' 'I' @616  5376 (0x00001500)
 - public static final 'GL_AND' 'I' @620  5377 (0x00001501)
 - public static final 'GL_AND_REVERSE' 'I' @624  5378 (0x00001502)
 - public static final 'GL_COPY' 'I' @628  5379 (0x00001503)
 - public static final 'GL_AND_INVERTED' 'I' @632  5380 (0x00001504)
 - public static final 'GL_NOOP' 'I' @636  5381 (0x00001505)
 - public static final 'GL_XOR' 'I' @640  5382 (0x00001506)
 - public static final 'GL_OR' 'I' @644  5383 (0x00001507)
 - public static final 'GL_NOR' 'I' @648  5384 (0x00001508)
 - public static final 'GL_EQUIV' 'I' @652  5385 (0x00001509)
 - public static final 'GL_INVERT' 'I' @656  5386 (0x0000150a)
 - public static final 'GL_OR_REVERSE' 'I' @660  5387 (0x0000150b)
 - public static final 'GL_COPY_INVERTED' 'I' @664  5388 (0x0000150c)
 - public static final 'GL_OR_INVERTED' 'I' @668  5389 (0x0000150d)
 - public static final 'GL_NAND' 'I' @672  5390 (0x0000150e)
 - public static final 'GL_SET' 'I' @676  5391 (0x0000150f)
 - public static final 'GL_TEXTURE' 'I' @680  5890 (0x00001702)
 - public static final 'GL_COLOR' 'I' @684  6144 (0x00001800)
 - public static final 'GL_DEPTH' 'I' @688  6145 (0x00001801)
 - public static final 'GL_STENCIL' 'I' @692  6146 (0x00001802)
 - public static final 'GL_STENCIL_INDEX' 'I' @696  6401 (0x00001901)
 - public static final 'GL_DEPTH_COMPONENT' 'I' @700  6402 (0x00001902)
 - public static final 'GL_RED' 'I' @704  6403 (0x00001903)
 - public static final 'GL_GREEN' 'I' @708  6404 (0x00001904)
 - public static final 'GL_BLUE' 'I' @712  6405 (0x00001905)
 - public static final 'GL_ALPHA' 'I' @716  6406 (0x00001906)
 - public static final 'GL_RGB' 'I' @720  6407 (0x00001907)
 - public static final 'GL_RGBA' 'I' @724  6408 (0x00001908)
 - public static final 'GL_POINT' 'I' @728  6912 (0x00001b00)
 - public static final 'GL_LINE' 'I' @732  6913 (0x00001b01)
 - public static final 'GL_FILL' 'I' @736  6914 (0x00001b02)
 - public static final 'GL_KEEP' 'I' @740  7680 (0x00001e00)
 - public static final 'GL_REPLACE' 'I' @744  7681 (0x00001e01)
 - public static final 'GL_INCR' 'I' @748  7682 (0x00001e02)
 - public static final 'GL_DECR' 'I' @752  7683 (0x00001e03)
 - public static final 'GL_VENDOR' 'I' @756  7936 (0x00001f00)
 - public static final 'GL_RENDERER' 'I' @760  7937 (0x00001f01)
 - public static final 'GL_VERSION' 'I' @764  7938 (0x00001f02)
 - public static final 'GL_EXTENSIONS' 'I' @768  7939 (0x00001f03)
 - public static final 'GL_NEAREST' 'I' @772  9728 (0x00002600)
 - public static final 'GL_LINEAR' 'I' @776  9729 (0x00002601)
 - public static final 'GL_NEAREST_MIPMAP_NEAREST' 'I' @780  9984 (0x00002700)
 - public static final 'GL_LINEAR_MIPMAP_NEAREST' 'I' @784  9985 (0x00002701)
 - public static final 'GL_NEAREST_MIPMAP_LINEAR' 'I' @788  9986 (0x00002702)
 - public static final 'GL_LINEAR_MIPMAP_LINEAR' 'I' @792  9987 (0x00002703)
 - public static final 'GL_TEXTURE_MAG_FILTER' 'I' @796  10240 (0x00002800)
 - public static final 'GL_TEXTURE_MIN_FILTER' 'I' @800  10241 (0x00002801)
 - public static final 'GL_TEXTURE_WRAP_S' 'I' @804  10242 (0x00002802)
 - public static final 'GL_TEXTURE_WRAP_T' 'I' @808  10243 (0x00002803)
 - public static final 'GL_REPEAT' 'I' @812  10497 (0x00002901)
 - public static final 'GL_POLYGON_OFFSET_FACTOR' 'I' @816  32824 (0x00008038)
 - public static final 'GL_POLYGON_OFFSET_UNITS' 'I' @820  10752 (0x00002a00)
 - public static final 'GL_POLYGON_OFFSET_POINT' 'I' @824  10753 (0x00002a01)
 - public static final 'GL_POLYGON_OFFSET_LINE' 'I' @828  10754 (0x00002a02)
 - public static final 'GL_POLYGON_OFFSET_FILL' 'I' @832  32823 (0x00008037)
 - public static final 'GL_R3_G3_B2' 'I' @836  10768 (0x00002a10)
 - public static final 'GL_RGB4' 'I' @840  32847 (0x0000804f)
 - public static final 'GL_RGB5' 'I' @844  32848 (0x00008050)
 - public static final 'GL_RGB8' 'I' @848  32849 (0x00008051)
 - public static final 'GL_RGB10' 'I' @852  32850 (0x00008052)
 - public static final 'GL_RGB12' 'I' @856  32851 (0x00008053)
 - public static final 'GL_RGB16' 'I' @860  32852 (0x00008054)
 - public static final 'GL_RGBA2' 'I' @864  32853 (0x00008055)
 - public static final 'GL_RGBA4' 'I' @868  32854 (0x00008056)
 - public static final 'GL_RGB5_A1' 'I' @872  32855 (0x00008057)
 - public static final 'GL_RGBA8' 'I' @876  32856 (0x00008058)
 - public static final 'GL_RGB10_A2' 'I' @880  32857 (0x00008059)
 - public static final 'GL_RGBA12' 'I' @884  32858 (0x0000805a)
 - public static final 'GL_RGBA16' 'I' @888  32859 (0x0000805b)
 - public static final 'GL_TEXTURE_RED_SIZE' 'I' @892  32860 (0x0000805c)
 - public static final 'GL_TEXTURE_GREEN_SIZE' 'I' @896  32861 (0x0000805d)
 - public static final 'GL_TEXTURE_BLUE_SIZE' 'I' @900  32862 (0x0000805e)
 - public static final 'GL_TEXTURE_ALPHA_SIZE' 'I' @904  32863 (0x0000805f)
 - public static final 'GL_PROXY_TEXTURE_1D' 'I' @908  32867 (0x00008063)
 - public static final 'GL_PROXY_TEXTURE_2D' 'I' @912  32868 (0x00008064)
 - public static final 'GL_TEXTURE_BINDING_1D' 'I' @916  32872 (0x00008068)
 - public static final 'GL_TEXTURE_BINDING_2D' 'I' @920  32873 (0x00008069)
 - public static final 'GL_VERTEX_ARRAY' 'I' @924  32884 (0x00008074)
R12=0x0 is null
R13=0x000001a96953f7b8 is pointing into metadata
R14=0x00000076f54ff128 is pointing into the stack for thread: 0x000001a9083e01c0
R15=0x000001a9083e01c0 is a thread

Top of Stack: (sp=0x00000076f54ff058)
0x00000076f54ff058:   000001a91a2bd207 000001a96953f7c0
0x00000076f54ff068:   00000076f54ff128 000001a91a2b8700
0x00000076f54ff078:   000001a91a2bcef3 000001a900000000
0x00000076f54ff088:   000000003f800000 3ff0000000000000
0x00000076f54ff098:   000001a9083e01c0 000001a91a2bce9b
0x00000076f54ff0a8:   fffffffffffffff7 000001a96953f7b8
0x00000076f54ff0b8:   0000000000000007 000001a969547fc8
0x00000076f54ff0c8:   0000000000000000 0000000089766930
0x00000076f54ff0d8:   000001a96953f7c0 0000000000000000
0x00000076f54ff0e8:   00000076f54ff110 00000076f54ff178
0x00000076f54ff0f8:   000001a91a2b8700 0000000089766930
0x00000076f54ff108:   000001a91a2ba5d7 3ff000003f800000
0x00000076f54ff118:   000001a900000000 0000000000000000
0x00000076f54ff128:   000001a900000000 fffffffffffffff7
0x00000076f54ff138:   000001a969506fbc 0000000000000005
0x00000076f54ff148:   000001a9695320d8 0000000000000000
0x00000076f54ff158:   00000000898eabe0 000001a969507000
0x00000076f54ff168:   fffffffffffffff3 00000076f54ff188
0x00000076f54ff178:   00000076f54ff1f0 000001a91a2b8700
0x00000076f54ff188:   000000003f800000 000001a900000000
0x00000076f54ff198:   0000000000000000 000001a900000000
0x00000076f54ff1a8:   fffffffffffffff7 000001a969400f9c
0x00000076f54ff1b8:   0000000000000005 000001a969401c28
0x00000076f54ff1c8:   0000000000000000 0000000089c25d78
0x00000076f54ff1d8:   000001a969401000 fffffffffffffff3
0x00000076f54ff1e8:   00000076f54ff218 00000076f54ff268
0x00000076f54ff1f8:   000001a91a2b8700 0000000000000000
0x00000076f54ff208:   0000000000000000 0000000000000000
0x00000076f54ff218:   0000000089c262f8 fffffffffffffff7
0x00000076f54ff228:   000001a969401173 0000000000000002
0x00000076f54ff238:   000001a969401c28 0000000000000000
0x00000076f54ff248:   0000000089c25d78 000001a969401198 

Instructions: (pc=0x00007ffa57ffd1f9)
0x00007ffa57ffd0f9:   cc cc cc cc cc cc cc 48 8b 01 48 8b 40 18 4c 89
0x00007ffa57ffd109:   c1 48 ff a0 60 0a 00 00 cc cc cc cc cc cc cc cc
0x00007ffa57ffd119:   cc cc cc cc cc cc cc 48 8b 01 48 8b 40 18 4c 89
0x00007ffa57ffd129:   c1 48 ff a0 68 0a 00 00 cc cc cc cc cc cc cc cc
0x00007ffa57ffd139:   cc cc cc cc cc cc cc 44 89 ca 44 89 c0 44 8b 44
0x00007ffa57ffd149:   24 28 4c 8b 4c 24 30 48 8b 09 48 8b 49 18 4c 8b
0x00007ffa57ffd159:   91 70 0a 00 00 89 c1 49 ff e2 cc cc cc cc cc cc
0x00007ffa57ffd169:   cc cc cc cc cc cc cc 48 8b 01 48 8b 40 18 44 89
0x00007ffa57ffd179:   c1 48 ff 20 cc cc cc 48 8b 01 48 8b 40 18 44 89
0x00007ffa57ffd189:   c1 48 ff 60 08 cc cc 44 89 ca 48 8b 01 48 8b 40
0x00007ffa57ffd199:   18 48 8b 40 38 44 89 c1 48 ff e0 cc cc cc cc cc
0x00007ffa57ffd1a9:   cc cc cc cc cc cc cc 44 89 ca 48 8b 01 48 8b 40
0x00007ffa57ffd1b9:   18 48 8b 40 48 44 89 c1 48 ff e0 cc cc cc cc cc
0x00007ffa57ffd1c9:   cc cc cc cc cc cc cc 48 8b 01 48 8b 40 18 44 89
0x00007ffa57ffd1d9:   c1 48 ff 60 60 cc cc 0f 28 cb 0f 28 c2 f3 0f 10
0x00007ffa57ffd1e9:   54 24 28 f3 0f 10 5c 24 30 48 8b 01 48 8b 40 18
0x00007ffa57ffd1f9:   48 8b 40 70 48 ff e0 0f 28 c2 48 8b 01 48 8b 40
0x00007ffa57ffd209:   18 48 ff 60 78 cc cc 48 8b 01 48 8b 40 18 44 89
0x00007ffa57ffd219:   c1 48 ff a0 88 00 00 00 cc cc cc cc cc cc cc cc
0x00007ffa57ffd229:   cc cc cc cc cc cc cc 44 89 ca 44 89 c0 44 0f b6
0x00007ffa57ffd239:   44 24 28 44 0f b6 4c 24 30 48 8b 09 48 8b 49 18
0x00007ffa57ffd249:   4c 8b 91 98 01 00 00 89 c1 49 ff e2 cc cc cc cc
0x00007ffa57ffd259:   cc cc cc cc cc cc cc 48 8b 01 48 8b 40 18 44 89
0x00007ffa57ffd269:   c1 48 ff a0 b8 01 00 00 cc cc cc cc cc cc cc cc
0x00007ffa57ffd279:   cc cc cc cc cc cc cc 48 8b 01 48 8b 40 18 44 89
0x00007ffa57ffd289:   c1 48 ff a0 c8 01 00 00 cc cc cc cc cc cc cc cc
0x00007ffa57ffd299:   cc cc cc cc cc cc cc 48 8b 01 48 8b 40 18 44 89
0x00007ffa57ffd2a9:   c1 48 ff a0 d0 01 00 00 cc cc cc cc cc cc cc cc
0x00007ffa57ffd2b9:   cc cc cc cc cc cc cc 0f 28 cb 0f 28 c2 48 8b 01
0x00007ffa57ffd2c9:   48 8b 40 18 48 8b 80 d8 01 00 00 48 ff e0 cc cc
0x00007ffa57ffd2d9:   cc cc cc cc cc cc cc 44 89 ca 44 89 c0 44 8b 44
0x00007ffa57ffd2e9:   24 28 48 8b 09 48 8b 49 18 4c 8b 89 e8 01 00 00 


Stack slot to memory mapping:

stack at sp + 0 slots: 0x000001a91a2bd207 is at code_begin+1063 in an Interpreter codelet
native method entry point (kind = native)  [0x000001a91a2bcde0, 0x000001a91a2bd938]  2904 bytes
stack at sp + 1 slots: {method} {0x000001a96953f7c8} 'glClearColor' '(FFFF)V' in 'org/lwjgl/opengl/GL11C'
stack at sp + 2 slots: 0x00000076f54ff128 is pointing into the stack for thread: 0x000001a9083e01c0
stack at sp + 3 slots: 0x000001a91a2b8700 is at code_begin+1280 in an Interpreter codelet
return entry points  [0x000001a91a2b8200, 0x000001a91a2b8e90]  3216 bytes
stack at sp + 4 slots: 0x000001a91a2bcef3 is at code_begin+275 in an Interpreter codelet
native method entry point (kind = native)  [0x000001a91a2bcde0, 0x000001a91a2bd938]  2904 bytes
stack at sp + 5 slots: 0x000001a900000000 is an unknown value
stack at sp + 6 slots: 0x000000003f800000 is an unknown value
stack at sp + 7 slots: 0x3ff0000000000000 is an unknown value

Lock stack of current Java thread (top to bottom):


---------------  P R O C E S S  ---------------

Threads class SMR info:
_java_thread_list=0x000001a92739b920, length=11, elements={
0x000001a9083e01c0, 0x000001a92726f960, 0x000001a927270880, 0x000001a9272735a0,
0x000001a927276b40, 0x000001a92727adf0, 0x000001a92727b460, 0x000001a92727e5b0,
0x000001a92728b160, 0x000001a9273d58e0, 0x000001a9273d6d70
}

Java Threads: ( => current thread )
=>0x000001a9083e01c0 JavaThread "main"                              [_thread_in_native, id=13528, stack(0x00000076f5400000,0x00000076f5500000) (1024K)]
  0x000001a92726f960 JavaThread "Reference Handler"          daemon [_thread_blocked, id=13940, stack(0x00000076f5c00000,0x00000076f5d00000) (1024K)]
  0x000001a927270880 JavaThread "Finalizer"                  daemon [_thread_blocked, id=6000, stack(0x00000076f5d00000,0x00000076f5e00000) (1024K)]
  0x000001a9272735a0 JavaThread "Signal Dispatcher"          daemon [_thread_blocked, id=7196, stack(0x00000076f5e00000,0x00000076f5f00000) (1024K)]
  0x000001a927276b40 JavaThread "Attach Listener"            daemon [_thread_blocked, id=6980, stack(0x00000076f5f00000,0x00000076f6000000) (1024K)]
  0x000001a92727adf0 JavaThread "Service Thread"             daemon [_thread_blocked, id=8452, stack(0x00000076f6000000,0x00000076f6100000) (1024K)]
  0x000001a92727b460 JavaThread "Monitor Deflation Thread"   daemon [_thread_blocked, id=13476, stack(0x00000076f6100000,0x00000076f6200000) (1024K)]
  0x000001a92727e5b0 JavaThread "C2 CompilerThread0"         daemon [_thread_blocked, id=11548, stack(0x00000076f6200000,0x00000076f6300000) (1024K)]
  0x000001a92728b160 JavaThread "C1 CompilerThread0"         daemon [_thread_blocked, id=10760, stack(0x00000076f6300000,0x00000076f6400000) (1024K)]
  0x000001a9273d58e0 JavaThread "Notification Thread"        daemon [_thread_blocked, id=6760, stack(0x00000076f6400000,0x00000076f6500000) (1024K)]
  0x000001a9273d6d70 JavaThread "Common-Cleaner"             daemon [_thread_blocked, id=16068, stack(0x00000076f6500000,0x00000076f6600000) (1024K)]
Total: 11

Other Threads:
  0x000001a927256c20 VMThread "VM Thread"                           [id=4316, stack(0x00000076f5b00000,0x00000076f5c00000) (1024K)]
  0x000001a927243f10 WatcherThread "VM Periodic Task Thread"        [id=8880, stack(0x00000076f5a00000,0x00000076f5b00000) (1024K)]
  0x000001a90a6a5280 WorkerThread "GC Thread#0"                     [id=6816, stack(0x00000076f5500000,0x00000076f5600000) (1024K)]
  0x000001a90a6b9fd0 ConcurrentGCThread "G1 Main Marker"            [id=15888, stack(0x00000076f5600000,0x00000076f5700000) (1024K)]
  0x000001a90a6baae0 WorkerThread "G1 Conc#0"                       [id=13552, stack(0x00000076f5700000,0x00000076f5800000) (1024K)]
  0x000001a90a70eac0 ConcurrentGCThread "G1 Refine#0"               [id=16168, stack(0x00000076f5800000,0x00000076f5900000) (1024K)]
  0x000001a9271098f0 ConcurrentGCThread "G1 Service"                [id=3636, stack(0x00000076f5900000,0x00000076f5a00000) (1024K)]
Total: 7

Threads with active compile tasks:
Total: 0

VM state: not at safepoint (normal execution)

VM Mutex/Monitor currently owned by a thread: None

Heap address: 0x0000000081e00000, size: 2018 MB, Compressed Oops mode: 32-bit

CDS archive(s) mapped at: [0x000001a928000000-0x000001a928d70000-0x000001a928d70000), size 14090240, SharedBaseAddress: 0x000001a928000000, ArchiveRelocationMode: 1.
Compressed class space mapped at: 0x000001a929000000-0x000001a969000000, reserved size: 1073741824
Narrow klass base: 0x000001a928000000, Narrow klass shift: 0, Narrow klass range: 0x41000000

GC Precious Log:
 CardTable entry size: 512
 Card Set container configuration: InlinePtr #cards 5 size 8 Array Of Cards #cards 10 size 36 Howl #buckets 4 coarsen threshold 1843 Howl Bitmap #cards 512 size 80 coarsen threshold 460 Card regions per heap region 1 cards per card region 2048
 CPUs: 8 total, 8 available
 Memory: 8070M
 Large Page Support: Disabled
 NUMA Support: Disabled
 Compressed Oops: Enabled (32-bit)
 Heap Region Size: 1M
 Heap Min Capacity: 8M
 Heap Initial Capacity: 128M
 Heap Max Capacity: 2018M
 Pre-touch: Disabled
 Parallel Workers: 8
 Concurrent Workers: 2
 Concurrent Refinement Workers: 8
 Periodic GC: Disabled

Heap:
 garbage-first heap   total reserved 2066432K, committed 131072K, used 5120K [0x0000000081e00000, 0x0000000100000000)
  region size 1024K, 7 young (7168K), 0 survivors (0K)
 Metaspace       used 2968K, committed 3136K, reserved 1114112K
  class space    used 208K, committed 256K, reserved 1048576K

Heap Regions: E=young(eden), S=young(survivor), O=old, HS=humongous(starts), HC=humongous(continues), CS=collection set, F=free, TAMS=top-at-mark-start, PB=parsable bottom
|   0|0x0000000081e00000, 0x0000000081e00000, 0x0000000081f00000|  0%| F|  |TAMS 0x0000000081e00000| PB 0x0000000081e00000| Untracked |  0
|   1|0x0000000081f00000, 0x0000000081f00000, 0x0000000082000000|  0%| F|  |TAMS 0x0000000081f00000| PB 0x0000000081f00000| Untracked |  0
|   2|0x0000000082000000, 0x0000000082000000, 0x0000000082100000|  0%| F|  |TAMS 0x0000000082000000| PB 0x0000000082000000| Untracked |  0
|   3|0x0000000082100000, 0x0000000082100000, 0x0000000082200000|  0%| F|  |TAMS 0x0000000082100000| PB 0x0000000082100000| Untracked |  0
|   4|0x0000000082200000, 0x0000000082200000, 0x0000000082300000|  0%| F|  |TAMS 0x0000000082200000| PB 0x0000000082200000| Untracked |  0
|   5|0x0000000082300000, 0x0000000082300000, 0x0000000082400000|  0%| F|  |TAMS 0x0000000082300000| PB 0x0000000082300000| Untracked |  0
|   6|0x0000000082400000, 0x0000000082400000, 0x0000000082500000|  0%| F|  |TAMS 0x0000000082400000| PB 0x0000000082400000| Untracked |  0
|   7|0x0000000082500000, 0x0000000082500000, 0x0000000082600000|  0%| F|  |TAMS 0x0000000082500000| PB 0x0000000082500000| Untracked |  0
|   8|0x0000000082600000, 0x0000000082600000, 0x0000000082700000|  0%| F|  |TAMS 0x0000000082600000| PB 0x0000000082600000| Untracked |  0
|   9|0x0000000082700000, 0x0000000082700000, 0x0000000082800000|  0%| F|  |TAMS 0x0000000082700000| PB 0x0000000082700000| Untracked |  0
|  10|0x0000000082800000, 0x0000000082800000, 0x0000000082900000|  0%| F|  |TAMS 0x0000000082800000| PB 0x0000000082800000| Untracked |  0
|  11|0x0000000082900000, 0x0000000082900000, 0x0000000082a00000|  0%| F|  |TAMS 0x0000000082900000| PB 0x0000000082900000| Untracked |  0
|  12|0x0000000082a00000, 0x0000000082a00000, 0x0000000082b00000|  0%| F|  |TAMS 0x0000000082a00000| PB 0x0000000082a00000| Untracked |  0
|  13|0x0000000082b00000, 0x0000000082b00000, 0x0000000082c00000|  0%| F|  |TAMS 0x0000000082b00000| PB 0x0000000082b00000| Untracked |  0
|  14|0x0000000082c00000, 0x0000000082c00000, 0x0000000082d00000|  0%| F|  |TAMS 0x0000000082c00000| PB 0x0000000082c00000| Untracked |  0
|  15|0x0000000082d00000, 0x0000000082d00000, 0x0000000082e00000|  0%| F|  |TAMS 0x0000000082d00000| PB 0x0000000082d00000| Untracked |  0
|  16|0x0000000082e00000, 0x0000000082e00000, 0x0000000082f00000|  0%| F|  |TAMS 0x0000000082e00000| PB 0x0000000082e00000| Untracked |  0
|  17|0x0000000082f00000, 0x0000000082f00000, 0x0000000083000000|  0%| F|  |TAMS 0x0000000082f00000| PB 0x0000000082f00000| Untracked |  0
|  18|0x0000000083000000, 0x0000000083000000, 0x0000000083100000|  0%| F|  |TAMS 0x0000000083000000| PB 0x0000000083000000| Untracked |  0
|  19|0x0000000083100000, 0x0000000083100000, 0x0000000083200000|  0%| F|  |TAMS 0x0000000083100000| PB 0x0000000083100000| Untracked |  0
|  20|0x0000000083200000, 0x0000000083200000, 0x0000000083300000|  0%| F|  |TAMS 0x0000000083200000| PB 0x0000000083200000| Untracked |  0
|  21|0x0000000083300000, 0x0000000083300000, 0x0000000083400000|  0%| F|  |TAMS 0x0000000083300000| PB 0x0000000083300000| Untracked |  0
|  22|0x0000000083400000, 0x0000000083400000, 0x0000000083500000|  0%| F|  |TAMS 0x0000000083400000| PB 0x0000000083400000| Untracked |  0
|  23|0x0000000083500000, 0x0000000083500000, 0x0000000083600000|  0%| F|  |TAMS 0x0000000083500000| PB 0x0000000083500000| Untracked |  0
|  24|0x0000000083600000, 0x0000000083600000, 0x0000000083700000|  0%| F|  |TAMS 0x0000000083600000| PB 0x0000000083600000| Untracked |  0
|  25|0x0000000083700000, 0x0000000083700000, 0x0000000083800000|  0%| F|  |TAMS 0x0000000083700000| PB 0x0000000083700000| Untracked |  0
|  26|0x0000000083800000, 0x0000000083800000, 0x0000000083900000|  0%| F|  |TAMS 0x0000000083800000| PB 0x0000000083800000| Untracked |  0
|  27|0x0000000083900000, 0x0000000083900000, 0x0000000083a00000|  0%| F|  |TAMS 0x0000000083900000| PB 0x0000000083900000| Untracked |  0
|  28|0x0000000083a00000, 0x0000000083a00000, 0x0000000083b00000|  0%| F|  |TAMS 0x0000000083a00000| PB 0x0000000083a00000| Untracked |  0
|  29|0x0000000083b00000, 0x0000000083b00000, 0x0000000083c00000|  0%| F|  |TAMS 0x0000000083b00000| PB 0x0000000083b00000| Untracked |  0
|  30|0x0000000083c00000, 0x0000000083c00000, 0x0000000083d00000|  0%| F|  |TAMS 0x0000000083c00000| PB 0x0000000083c00000| Untracked |  0
|  31|0x0000000083d00000, 0x0000000083d00000, 0x0000000083e00000|  0%| F|  |TAMS 0x0000000083d00000| PB 0x0000000083d00000| Untracked |  0
|  32|0x0000000083e00000, 0x0000000083e00000, 0x0000000083f00000|  0%| F|  |TAMS 0x0000000083e00000| PB 0x0000000083e00000| Untracked |  0
|  33|0x0000000083f00000, 0x0000000083f00000, 0x0000000084000000|  0%| F|  |TAMS 0x0000000083f00000| PB 0x0000000083f00000| Untracked |  0
|  34|0x0000000084000000, 0x0000000084000000, 0x0000000084100000|  0%| F|  |TAMS 0x0000000084000000| PB 0x0000000084000000| Untracked |  0
|  35|0x0000000084100000, 0x0000000084100000, 0x0000000084200000|  0%| F|  |TAMS 0x0000000084100000| PB 0x0000000084100000| Untracked |  0
|  36|0x0000000084200000, 0x0000000084200000, 0x0000000084300000|  0%| F|  |TAMS 0x0000000084200000| PB 0x0000000084200000| Untracked |  0
|  37|0x0000000084300000, 0x0000000084300000, 0x0000000084400000|  0%| F|  |TAMS 0x0000000084300000| PB 0x0000000084300000| Untracked |  0
|  38|0x0000000084400000, 0x0000000084400000, 0x0000000084500000|  0%| F|  |TAMS 0x0000000084400000| PB 0x0000000084400000| Untracked |  0
|  39|0x0000000084500000, 0x0000000084500000, 0x0000000084600000|  0%| F|  |TAMS 0x0000000084500000| PB 0x0000000084500000| Untracked |  0
|  40|0x0000000084600000, 0x0000000084600000, 0x0000000084700000|  0%| F|  |TAMS 0x0000000084600000| PB 0x0000000084600000| Untracked |  0
|  41|0x0000000084700000, 0x0000000084700000, 0x0000000084800000|  0%| F|  |TAMS 0x0000000084700000| PB 0x0000000084700000| Untracked |  0
|  42|0x0000000084800000, 0x0000000084800000, 0x0000000084900000|  0%| F|  |TAMS 0x0000000084800000| PB 0x0000000084800000| Untracked |  0
|  43|0x0000000084900000, 0x0000000084900000, 0x0000000084a00000|  0%| F|  |TAMS 0x0000000084900000| PB 0x0000000084900000| Untracked |  0
|  44|0x0000000084a00000, 0x0000000084a00000, 0x0000000084b00000|  0%| F|  |TAMS 0x0000000084a00000| PB 0x0000000084a00000| Untracked |  0
|  45|0x0000000084b00000, 0x0000000084b00000, 0x0000000084c00000|  0%| F|  |TAMS 0x0000000084b00000| PB 0x0000000084b00000| Untracked |  0
|  46|0x0000000084c00000, 0x0000000084c00000, 0x0000000084d00000|  0%| F|  |TAMS 0x0000000084c00000| PB 0x0000000084c00000| Untracked |  0
|  47|0x0000000084d00000, 0x0000000084d00000, 0x0000000084e00000|  0%| F|  |TAMS 0x0000000084d00000| PB 0x0000000084d00000| Untracked |  0
|  48|0x0000000084e00000, 0x0000000084e00000, 0x0000000084f00000|  0%| F|  |TAMS 0x0000000084e00000| PB 0x0000000084e00000| Untracked |  0
|  49|0x0000000084f00000, 0x0000000084f00000, 0x0000000085000000|  0%| F|  |TAMS 0x0000000084f00000| PB 0x0000000084f00000| Untracked |  0
|  50|0x0000000085000000, 0x0000000085000000, 0x0000000085100000|  0%| F|  |TAMS 0x0000000085000000| PB 0x0000000085000000| Untracked |  0
|  51|0x0000000085100000, 0x0000000085100000, 0x0000000085200000|  0%| F|  |TAMS 0x0000000085100000| PB 0x0000000085100000| Untracked |  0
|  52|0x0000000085200000, 0x0000000085200000, 0x0000000085300000|  0%| F|  |TAMS 0x0000000085200000| PB 0x0000000085200000| Untracked |  0
|  53|0x0000000085300000, 0x0000000085300000, 0x0000000085400000|  0%| F|  |TAMS 0x0000000085300000| PB 0x0000000085300000| Untracked |  0
|  54|0x0000000085400000, 0x0000000085400000, 0x0000000085500000|  0%| F|  |TAMS 0x0000000085400000| PB 0x0000000085400000| Untracked |  0
|  55|0x0000000085500000, 0x0000000085500000, 0x0000000085600000|  0%| F|  |TAMS 0x0000000085500000| PB 0x0000000085500000| Untracked |  0
|  56|0x0000000085600000, 0x0000000085600000, 0x0000000085700000|  0%| F|  |TAMS 0x0000000085600000| PB 0x0000000085600000| Untracked |  0
|  57|0x0000000085700000, 0x0000000085700000, 0x0000000085800000|  0%| F|  |TAMS 0x0000000085700000| PB 0x0000000085700000| Untracked |  0
|  58|0x0000000085800000, 0x0000000085800000, 0x0000000085900000|  0%| F|  |TAMS 0x0000000085800000| PB 0x0000000085800000| Untracked |  0
|  59|0x0000000085900000, 0x0000000085900000, 0x0000000085a00000|  0%| F|  |TAMS 0x0000000085900000| PB 0x0000000085900000| Untracked |  0
|  60|0x0000000085a00000, 0x0000000085a00000, 0x0000000085b00000|  0%| F|  |TAMS 0x0000000085a00000| PB 0x0000000085a00000| Untracked |  0
|  61|0x0000000085b00000, 0x0000000085b00000, 0x0000000085c00000|  0%| F|  |TAMS 0x0000000085b00000| PB 0x0000000085b00000| Untracked |  0
|  62|0x0000000085c00000, 0x0000000085c00000, 0x0000000085d00000|  0%| F|  |TAMS 0x0000000085c00000| PB 0x0000000085c00000| Untracked |  0
|  63|0x0000000085d00000, 0x0000000085d00000, 0x0000000085e00000|  0%| F|  |TAMS 0x0000000085d00000| PB 0x0000000085d00000| Untracked |  0
|  64|0x0000000085e00000, 0x0000000085e00000, 0x0000000085f00000|  0%| F|  |TAMS 0x0000000085e00000| PB 0x0000000085e00000| Untracked |  0
|  65|0x0000000085f00000, 0x0000000085f00000, 0x0000000086000000|  0%| F|  |TAMS 0x0000000085f00000| PB 0x0000000085f00000| Untracked |  0
|  66|0x0000000086000000, 0x0000000086000000, 0x0000000086100000|  0%| F|  |TAMS 0x0000000086000000| PB 0x0000000086000000| Untracked |  0
|  67|0x0000000086100000, 0x0000000086100000, 0x0000000086200000|  0%| F|  |TAMS 0x0000000086100000| PB 0x0000000086100000| Untracked |  0
|  68|0x0000000086200000, 0x0000000086200000, 0x0000000086300000|  0%| F|  |TAMS 0x0000000086200000| PB 0x0000000086200000| Untracked |  0
|  69|0x0000000086300000, 0x0000000086300000, 0x0000000086400000|  0%| F|  |TAMS 0x0000000086300000| PB 0x0000000086300000| Untracked |  0
|  70|0x0000000086400000, 0x0000000086400000, 0x0000000086500000|  0%| F|  |TAMS 0x0000000086400000| PB 0x0000000086400000| Untracked |  0
|  71|0x0000000086500000, 0x0000000086500000, 0x0000000086600000|  0%| F|  |TAMS 0x0000000086500000| PB 0x0000000086500000| Untracked |  0
|  72|0x0000000086600000, 0x0000000086600000, 0x0000000086700000|  0%| F|  |TAMS 0x0000000086600000| PB 0x0000000086600000| Untracked |  0
|  73|0x0000000086700000, 0x0000000086700000, 0x0000000086800000|  0%| F|  |TAMS 0x0000000086700000| PB 0x0000000086700000| Untracked |  0
|  74|0x0000000086800000, 0x0000000086800000, 0x0000000086900000|  0%| F|  |TAMS 0x0000000086800000| PB 0x0000000086800000| Untracked |  0
|  75|0x0000000086900000, 0x0000000086900000, 0x0000000086a00000|  0%| F|  |TAMS 0x0000000086900000| PB 0x0000000086900000| Untracked |  0
|  76|0x0000000086a00000, 0x0000000086a00000, 0x0000000086b00000|  0%| F|  |TAMS 0x0000000086a00000| PB 0x0000000086a00000| Untracked |  0
|  77|0x0000000086b00000, 0x0000000086b00000, 0x0000000086c00000|  0%| F|  |TAMS 0x0000000086b00000| PB 0x0000000086b00000| Untracked |  0
|  78|0x0000000086c00000, 0x0000000086c00000, 0x0000000086d00000|  0%| F|  |TAMS 0x0000000086c00000| PB 0x0000000086c00000| Untracked |  0
|  79|0x0000000086d00000, 0x0000000086d00000, 0x0000000086e00000|  0%| F|  |TAMS 0x0000000086d00000| PB 0x0000000086d00000| Untracked |  0
|  80|0x0000000086e00000, 0x0000000086e00000, 0x0000000086f00000|  0%| F|  |TAMS 0x0000000086e00000| PB 0x0000000086e00000| Untracked |  0
|  81|0x0000000086f00000, 0x0000000086f00000, 0x0000000087000000|  0%| F|  |TAMS 0x0000000086f00000| PB 0x0000000086f00000| Untracked |  0
|  82|0x0000000087000000, 0x0000000087000000, 0x0000000087100000|  0%| F|  |TAMS 0x0000000087000000| PB 0x0000000087000000| Untracked |  0
|  83|0x0000000087100000, 0x0000000087100000, 0x0000000087200000|  0%| F|  |TAMS 0x0000000087100000| PB 0x0000000087100000| Untracked |  0
|  84|0x0000000087200000, 0x0000000087200000, 0x0000000087300000|  0%| F|  |TAMS 0x0000000087200000| PB 0x0000000087200000| Untracked |  0
|  85|0x0000000087300000, 0x0000000087300000, 0x0000000087400000|  0%| F|  |TAMS 0x0000000087300000| PB 0x0000000087300000| Untracked |  0
|  86|0x0000000087400000, 0x0000000087400000, 0x0000000087500000|  0%| F|  |TAMS 0x0000000087400000| PB 0x0000000087400000| Untracked |  0
|  87|0x0000000087500000, 0x0000000087500000, 0x0000000087600000|  0%| F|  |TAMS 0x0000000087500000| PB 0x0000000087500000| Untracked |  0
|  88|0x0000000087600000, 0x0000000087600000, 0x0000000087700000|  0%| F|  |TAMS 0x0000000087600000| PB 0x0000000087600000| Untracked |  0
|  89|0x0000000087700000, 0x0000000087700000, 0x0000000087800000|  0%| F|  |TAMS 0x0000000087700000| PB 0x0000000087700000| Untracked |  0
|  90|0x0000000087800000, 0x0000000087800000, 0x0000000087900000|  0%| F|  |TAMS 0x0000000087800000| PB 0x0000000087800000| Untracked |  0
|  91|0x0000000087900000, 0x0000000087900000, 0x0000000087a00000|  0%| F|  |TAMS 0x0000000087900000| PB 0x0000000087900000| Untracked |  0
|  92|0x0000000087a00000, 0x0000000087a00000, 0x0000000087b00000|  0%| F|  |TAMS 0x0000000087a00000| PB 0x0000000087a00000| Untracked |  0
|  93|0x0000000087b00000, 0x0000000087b00000, 0x0000000087c00000|  0%| F|  |TAMS 0x0000000087b00000| PB 0x0000000087b00000| Untracked |  0
|  94|0x0000000087c00000, 0x0000000087c00000, 0x0000000087d00000|  0%| F|  |TAMS 0x0000000087c00000| PB 0x0000000087c00000| Untracked |  0
|  95|0x0000000087d00000, 0x0000000087d00000, 0x0000000087e00000|  0%| F|  |TAMS 0x0000000087d00000| PB 0x0000000087d00000| Untracked |  0
|  96|0x0000000087e00000, 0x0000000087e00000, 0x0000000087f00000|  0%| F|  |TAMS 0x0000000087e00000| PB 0x0000000087e00000| Untracked |  0
|  97|0x0000000087f00000, 0x0000000087f00000, 0x0000000088000000|  0%| F|  |TAMS 0x0000000087f00000| PB 0x0000000087f00000| Untracked |  0
|  98|0x0000000088000000, 0x0000000088000000, 0x0000000088100000|  0%| F|  |TAMS 0x0000000088000000| PB 0x0000000088000000| Untracked |  0
|  99|0x0000000088100000, 0x0000000088100000, 0x0000000088200000|  0%| F|  |TAMS 0x0000000088100000| PB 0x0000000088100000| Untracked |  0
| 100|0x0000000088200000, 0x0000000088200000, 0x0000000088300000|  0%| F|  |TAMS 0x0000000088200000| PB 0x0000000088200000| Untracked |  0
| 101|0x0000000088300000, 0x0000000088300000, 0x0000000088400000|  0%| F|  |TAMS 0x0000000088300000| PB 0x0000000088300000| Untracked |  0
| 102|0x0000000088400000, 0x0000000088400000, 0x0000000088500000|  0%| F|  |TAMS 0x0000000088400000| PB 0x0000000088400000| Untracked |  0
| 103|0x0000000088500000, 0x0000000088500000, 0x0000000088600000|  0%| F|  |TAMS 0x0000000088500000| PB 0x0000000088500000| Untracked |  0
| 104|0x0000000088600000, 0x0000000088600000, 0x0000000088700000|  0%| F|  |TAMS 0x0000000088600000| PB 0x0000000088600000| Untracked |  0
| 105|0x0000000088700000, 0x0000000088700000, 0x0000000088800000|  0%| F|  |TAMS 0x0000000088700000| PB 0x0000000088700000| Untracked |  0
| 106|0x0000000088800000, 0x0000000088800000, 0x0000000088900000|  0%| F|  |TAMS 0x0000000088800000| PB 0x0000000088800000| Untracked |  0
| 107|0x0000000088900000, 0x0000000088900000, 0x0000000088a00000|  0%| F|  |TAMS 0x0000000088900000| PB 0x0000000088900000| Untracked |  0
| 108|0x0000000088a00000, 0x0000000088a00000, 0x0000000088b00000|  0%| F|  |TAMS 0x0000000088a00000| PB 0x0000000088a00000| Untracked |  0
| 109|0x0000000088b00000, 0x0000000088b00000, 0x0000000088c00000|  0%| F|  |TAMS 0x0000000088b00000| PB 0x0000000088b00000| Untracked |  0
| 110|0x0000000088c00000, 0x0000000088c00000, 0x0000000088d00000|  0%| F|  |TAMS 0x0000000088c00000| PB 0x0000000088c00000| Untracked |  0
| 111|0x0000000088d00000, 0x0000000088d00000, 0x0000000088e00000|  0%| F|  |TAMS 0x0000000088d00000| PB 0x0000000088d00000| Untracked |  0
| 112|0x0000000088e00000, 0x0000000088e00000, 0x0000000088f00000|  0%| F|  |TAMS 0x0000000088e00000| PB 0x0000000088e00000| Untracked |  0
| 113|0x0000000088f00000, 0x0000000088f00000, 0x0000000089000000|  0%| F|  |TAMS 0x0000000088f00000| PB 0x0000000088f00000| Untracked |  0
| 114|0x0000000089000000, 0x0000000089000000, 0x0000000089100000|  0%| F|  |TAMS 0x0000000089000000| PB 0x0000000089000000| Untracked |  0
| 115|0x0000000089100000, 0x0000000089100000, 0x0000000089200000|  0%| F|  |TAMS 0x0000000089100000| PB 0x0000000089100000| Untracked |  0
| 116|0x0000000089200000, 0x0000000089200000, 0x0000000089300000|  0%| F|  |TAMS 0x0000000089200000| PB 0x0000000089200000| Untracked |  0
| 117|0x0000000089300000, 0x0000000089300000, 0x0000000089400000|  0%| F|  |TAMS 0x0000000089300000| PB 0x0000000089300000| Untracked |  0
| 118|0x0000000089400000, 0x0000000089400000, 0x0000000089500000|  0%| F|  |TAMS 0x0000000089400000| PB 0x0000000089400000| Untracked |  0
| 119|0x0000000089500000, 0x0000000089500000, 0x0000000089600000|  0%| F|  |TAMS 0x0000000089500000| PB 0x0000000089500000| Untracked |  0
| 120|0x0000000089600000, 0x0000000089600000, 0x0000000089700000|  0%| F|  |TAMS 0x0000000089600000| PB 0x0000000089600000| Untracked |  0
| 121|0x0000000089700000, 0x0000000089797dc0, 0x0000000089800000| 59%| E|  |TAMS 0x0000000089700000| PB 0x0000000089700000| Complete |  0
| 122|0x0000000089800000, 0x0000000089900000, 0x0000000089900000|100%| E|CS|TAMS 0x0000000089800000| PB 0x0000000089800000| Complete |  0
| 123|0x0000000089900000, 0x0000000089a00000, 0x0000000089a00000|100%| E|CS|TAMS 0x0000000089900000| PB 0x0000000089900000| Complete |  0
| 124|0x0000000089a00000, 0x0000000089b00000, 0x0000000089b00000|100%| E|  |TAMS 0x0000000089a00000| PB 0x0000000089a00000| Complete |  0
| 125|0x0000000089b00000, 0x0000000089c00000, 0x0000000089c00000|100%| E|CS|TAMS 0x0000000089b00000| PB 0x0000000089b00000| Complete |  0
| 126|0x0000000089c00000, 0x0000000089d00000, 0x0000000089d00000|100%| E|CS|TAMS 0x0000000089c00000| PB 0x0000000089c00000| Complete |  0
| 127|0x0000000089d00000, 0x0000000089e00000, 0x0000000089e00000|100%| E|CS|TAMS 0x0000000089d00000| PB 0x0000000089d00000| Complete |  0

Card table byte_map: [0x000001a9224b0000,0x000001a9228b0000] _byte_map_base: 0x000001a9220a1000

Marking Bits: (CMBitMap*) 0x000001a90a6a5990
 Bits: [0x000001a9228b0000, 0x000001a924838000)

Polling page: 0x000001a908640000

Metaspace:

Usage:
  Non-class:      2.70 MB used.
      Class:    208.18 KB used.
       Both:      2.90 MB used.

Virtual space:
  Non-class space:       64.00 MB reserved,       2.81 MB (  4%) committed,  1 nodes.
      Class space:        1.00 GB reserved,     256.00 KB ( <1%) committed,  1 nodes.
             Both:        1.06 GB reserved,       3.06 MB ( <1%) committed. 

Chunk freelists:
   Non-Class:  10.70 MB
       Class:  15.64 MB
        Both:  26.34 MB

MaxMetaspaceSize: unlimited
CompressedClassSpaceSize: 1.00 GB
Initial GC threshold: 21.00 MB
Current GC threshold: 21.00 MB
CDS: on
 - commit_granule_bytes: 65536.
 - commit_granule_words: 8192.
 - virtual_space_node_default_size: 8388608.
 - enlarge_chunks_in_place: 1.
 - use_allocation_guard: 0.


Internal statistics:

num_allocs_failed_limit: 0.
num_arena_births: 82.
num_arena_deaths: 0.
num_vsnodes_births: 2.
num_vsnodes_deaths: 0.
num_space_committed: 49.
num_space_uncommitted: 0.
num_chunks_returned_to_freelist: 0.
num_chunks_taken_from_freelist: 175.
num_chunk_merges: 0.
num_chunk_splits: 99.
num_chunks_enlarged: 53.
num_inconsistent_stats: 0.

CodeHeap 'non-profiled nmethods': size=120064Kb used=203Kb max_used=203Kb free=119860Kb
 bounds [0x000001a91a840000, 0x000001a91aab0000, 0x000001a921d80000]
CodeHeap 'profiled nmethods': size=120000Kb used=726Kb max_used=726Kb free=119273Kb
 bounds [0x000001a912d80000, 0x000001a912ff0000, 0x000001a91a2b0000]
CodeHeap 'non-nmethods': size=5696Kb used=2031Kb max_used=2049Kb free=3664Kb
 bounds [0x000001a91a2b0000, 0x000001a91a520000, 0x000001a91a840000]
CodeCache: size=245760Kb, used=2960Kb, max_used=2978Kb, free=242797Kb
 total_blobs=1703, nmethods=657, adapters=952, full_count=0
Compilation: enabled, stopped_count=0, restarted_count=0

Compilation events (20 events):
Event: 0.433 Thread 0x000001a92728b160  645   !   3       java.nio.ByteBuffer::putBuffer (142 bytes)
Event: 0.433 Thread 0x000001a92728b160 nmethod 645 0x000001a912e32908 code [0x000001a912e32b40, 0x000001a912e33870]
Event: 0.433 Thread 0x000001a92728b160  646   !   3       jdk.internal.misc.ScopedMemoryAccess::copyMemory (27 bytes)
Event: 0.434 Thread 0x000001a92728b160 nmethod 646 0x000001a912e33908 code [0x000001a912e33aa0, 0x000001a912e33f78]
Event: 0.434 Thread 0x000001a92728b160  649       3       jdk.internal.module.SystemModuleFinders$SystemImage::reader (4 bytes)
Event: 0.434 Thread 0x000001a92728b160 nmethod 649 0x000001a912e34008 code [0x000001a912e34120, 0x000001a912e34218]
Event: 0.434 Thread 0x000001a92728b160  650       3       jdk.internal.jimage.ImageReader::verifyLocation (14 bytes)
Event: 0.434 Thread 0x000001a92728b160 nmethod 650 0x000001a912e34308 code [0x000001a912e34460, 0x000001a912e347b0]
Event: 0.434 Thread 0x000001a92728b160  651       3       jdk.internal.jimage.ImageReader::requireOpen (18 bytes)
Event: 0.434 Thread 0x000001a92728b160 nmethod 651 0x000001a912e34808 code [0x000001a912e34940, 0x000001a912e34b60]
Event: 0.434 Thread 0x000001a92728b160  647       3       jdk.internal.jimage.ImageStringsReader::match (11 bytes)
Event: 0.435 Thread 0x000001a92728b160 nmethod 647 0x000001a912e34b88 code [0x000001a912e34ca0, 0x000001a912e34e70]
Event: 0.435 Thread 0x000001a92728b160  648       3       jdk.internal.jimage.BasicImageReader::match (37 bytes)
Event: 0.435 Thread 0x000001a92728b160 nmethod 648 0x000001a912e34f08 code [0x000001a912e35040, 0x000001a912e352e0]
Event: 0.435 Thread 0x000001a92728b160  653       1       java.lang.NamedPackage::module (5 bytes)
Event: 0.435 Thread 0x000001a92728b160 nmethod 653 0x000001a91a871408 code [0x000001a91a871520, 0x000001a91a8715e8]
Event: 0.436 Thread 0x000001a92728b160  654       3       sun.misc.Unsafe::putLong (14 bytes)
Event: 0.436 Thread 0x000001a92728b160 nmethod 654 0x000001a912e35308 code [0x000001a912e35420, 0x000001a912e35598]
Event: 0.436 Thread 0x000001a92728b160  655       3       org.lwjgl.system.MemoryUtil::memPutAddress (29 bytes)
Event: 0.436 Thread 0x000001a92728b160 nmethod 655 0x000001a912e35608 code [0x000001a912e35740, 0x000001a912e359a0]

GC Heap History (0 events):
No events

Dll operation events (8 events):
Event: 0.008 Loaded shared library C:\Program Files\Java\jdk-23\bin\java.dll
Event: 0.036 Loaded shared library C:\Program Files\Java\jdk-23\bin\jsvml.dll
Event: 0.063 Loaded shared library C:\Program Files\Java\jdk-23\bin\net.dll
Event: 0.065 Loaded shared library C:\Program Files\Java\jdk-23\bin\nio.dll
Event: 0.068 Loaded shared library C:\Program Files\Java\jdk-23\bin\zip.dll
Event: 0.136 Loaded shared library C:\Program Files\Java\jdk-23\bin\jimage.dll
Event: 0.153 Loaded shared library C:\Users\badr\AppData\Local\Temp\lwjgl_badr\3.3.4+7\x64\lwjgl.dll
Event: 0.423 Loaded shared library C:\Users\badr\AppData\Local\Temp\lwjgl_badr\3.3.4+7\x64\lwjgl_opengl.dll

Deoptimization events (20 events):
Event: 0.432 Thread 0x000001a9083e01c0 DEOPT PACKING pc=0x000001a912df0538 sp=0x00000076f54fd600
Event: 0.432 Thread 0x000001a9083e01c0 DEOPT UNPACKING pc=0x000001a91a304b22 sp=0x00000076f54fca98 mode 0
Event: 0.432 Thread 0x000001a9083e01c0 DEOPT PACKING pc=0x000001a912df0363 sp=0x00000076f54fd600
Event: 0.432 Thread 0x000001a9083e01c0 DEOPT UNPACKING pc=0x000001a91a304b22 sp=0x00000076f54fca98 mode 0
Event: 0.432 Thread 0x000001a9083e01c0 DEOPT PACKING pc=0x000001a912df0363 sp=0x00000076f54fd600
Event: 0.432 Thread 0x000001a9083e01c0 DEOPT UNPACKING pc=0x000001a91a304b22 sp=0x00000076f54fca98 mode 0
Event: 0.432 Thread 0x000001a9083e01c0 DEOPT PACKING pc=0x000001a912df0363 sp=0x00000076f54fd600
Event: 0.432 Thread 0x000001a9083e01c0 DEOPT UNPACKING pc=0x000001a91a304b22 sp=0x00000076f54fca98 mode 0
Event: 0.432 Thread 0x000001a9083e01c0 DEOPT PACKING pc=0x000001a912df0363 sp=0x00000076f54fd600
Event: 0.432 Thread 0x000001a9083e01c0 DEOPT UNPACKING pc=0x000001a91a304b22 sp=0x00000076f54fca98 mode 0
Event: 0.432 Thread 0x000001a9083e01c0 DEOPT PACKING pc=0x000001a912df05b3 sp=0x00000076f54fd600
Event: 0.432 Thread 0x000001a9083e01c0 DEOPT UNPACKING pc=0x000001a91a304b22 sp=0x00000076f54fca98 mode 0
Event: 0.432 Thread 0x000001a9083e01c0 DEOPT PACKING pc=0x000001a912df0538 sp=0x00000076f54fd600
Event: 0.432 Thread 0x000001a9083e01c0 DEOPT UNPACKING pc=0x000001a91a304b22 sp=0x00000076f54fca98 mode 0
Event: 0.432 Thread 0x000001a9083e01c0 DEOPT PACKING pc=0x000001a912df0363 sp=0x00000076f54fd600
Event: 0.432 Thread 0x000001a9083e01c0 DEOPT UNPACKING pc=0x000001a91a304b22 sp=0x00000076f54fca98 mode 0
Event: 0.433 Thread 0x000001a9083e01c0 DEOPT PACKING pc=0x000001a912df0363 sp=0x00000076f54fd600
Event: 0.433 Thread 0x000001a9083e01c0 DEOPT UNPACKING pc=0x000001a91a304b22 sp=0x00000076f54fca98 mode 0
Event: 0.433 Thread 0x000001a9083e01c0 DEOPT PACKING pc=0x000001a912df0363 sp=0x00000076f54fd600
Event: 0.433 Thread 0x000001a9083e01c0 DEOPT UNPACKING pc=0x000001a91a304b22 sp=0x00000076f54fca98 mode 0

Classes loaded (20 events):
Event: 0.214 Loading class sun/misc/Unsafe
Event: 0.215 Loading class sun/misc/Unsafe done
Event: 0.215 Loading class sun/misc/Unsafe$MemoryAccessOption
Event: 0.215 Loading class sun/misc/Unsafe$MemoryAccessOption done
Event: 0.216 Loading class java/lang/invoke/DirectMethodHandle$StaticAccessor
Event: 0.216 Loading class java/lang/invoke/DirectMethodHandle$StaticAccessor done
Event: 0.220 Loading class java/util/function/LongPredicate
Event: 0.220 Loading class java/util/function/LongPredicate done
Event: 0.222 Loading class java/lang/foreign/MemorySegment
Event: 0.222 Loading class java/lang/foreign/MemorySegment done
Event: 0.227 Loading class java/nio/InvalidMarkException
Event: 0.227 Loading class java/nio/InvalidMarkException done
Event: 0.227 Loading class java/nio/BufferUnderflowException
Event: 0.227 Loading class java/nio/BufferUnderflowException done
Event: 0.238 Loading class java/util/Formatter$FixedString
Event: 0.238 Loading class java/util/Formatter$FixedString done
Event: 0.251 Loading class java/lang/NoSuchFieldError
Event: 0.251 Loading class java/lang/NoSuchFieldError done
Event: 0.268 Loading class jdk/internal/reflect/MethodHandleIntegerFieldAccessorImpl
Event: 0.268 Loading class jdk/internal/reflect/MethodHandleIntegerFieldAccessorImpl done

Classes unloaded (0 events):
No events

Classes redefined (0 events):
No events

Internal exceptions (20 events):
Event: 0.129 Thread 0x000001a9083e01c0 Exception <a 'java/lang/NoSuchMethodError'{0x0000000089a542b0}: 'void java.lang.invoke.DelegatingMethodHandle$Holder.delegate(java.lang.Object, java.lang.Object, int, java.lang.Object)'> (0x0000000089a542b0) 
thrown [s\open\src\hotspot\share\interpreter\linkResolver.cpp, line 796]
Event: 0.129 Thread 0x000001a9083e01c0 Exception <a 'java/lang/NoSuchMethodError'{0x0000000089a582e0}: 'int java.lang.invoke.DirectMethodHandle$Holder.invokeSpecial(java.lang.Object, java.lang.Object, java.lang.Object)'> (0x0000000089a582e0) 
thrown [s\open\src\hotspot\share\interpreter\linkResolver.cpp, line 796]
Event: 0.133 Thread 0x000001a9083e01c0 Exception <a 'java/lang/NoSuchMethodError'{0x0000000089a71b68}: 'void java.lang.System.loadLibrary(java.lang.String, java.lang.Class)'> (0x0000000089a71b68) 
thrown [s\open\src\hotspot\share\interpreter\linkResolver.cpp, line 796]
Event: 0.158 Thread 0x000001a9083e01c0 Exception <a 'sun/nio/fs/WindowsException'{0x0000000089aa57a8}> (0x0000000089aa57a8) 
thrown [s\open\src\hotspot\share\prims\jni.cpp, line 520]
Event: 0.159 Thread 0x000001a9083e01c0 Exception <a 'sun/nio/fs/WindowsException'{0x0000000089aa5ce8}> (0x0000000089aa5ce8) 
thrown [s\open\src\hotspot\share\prims\jni.cpp, line 520]
Event: 0.220 Thread 0x000001a9083e01c0 Exception <a 'java/lang/NoSuchMethodError'{0x0000000089979a70}: 'int java.lang.invoke.DirectMethodHandle$Holder.invokeStaticInit(java.lang.Object, java.lang.Object, int, long)'> (0x0000000089979a70) 
thrown [s\open\src\hotspot\share\interpreter\linkResolver.cpp, line 796]
Event: 0.222 Thread 0x000001a9083e01c0 Exception <a 'java/lang/NoSuchMethodError'{0x000000008997eba8}: 'java.lang.Object java.lang.invoke.DirectMethodHandle$Holder.newInvokeSpecial(java.lang.Object, java.lang.Object, int)'> (0x000000008997eba8) 
thrown [s\open\src\hotspot\share\interpreter\linkResolver.cpp, line 796]
Event: 0.224 Thread 0x000001a9083e01c0 Exception <a 'java/lang/NoSuchMethodError'{0x000000008998e310}: 'int java.lang.invoke.DirectMethodHandle$Holder.invokeStaticInit(java.lang.Object, java.lang.Object, long, long)'> (0x000000008998e310) 
thrown [s\open\src\hotspot\share\interpreter\linkResolver.cpp, line 796]
Event: 0.225 Thread 0x000001a9083e01c0 Exception <a 'java/lang/NoSuchMethodError'{0x0000000089993988}: 'java.lang.Object java.lang.invoke.DirectMethodHandle$Holder.newInvokeSpecial(java.lang.Object, java.lang.Object, long)'> (0x0000000089993988) 
thrown [s\open\src\hotspot\share\interpreter\linkResolver.cpp, line 796]
Event: 0.225 Thread 0x000001a9083e01c0 Exception <a 'java/lang/NoSuchMethodError'{0x0000000089997038}: 'java.lang.Object java.lang.invoke.Invokers$Holder.linkToTargetMethod(java.lang.Object, long, java.lang.Object)'> (0x0000000089997038) 
thrown [s\open\src\hotspot\share\interpreter\linkResolver.cpp, line 796]
Event: 0.226 Thread 0x000001a9083e01c0 Exception <a 'java/lang/NoSuchMethodError'{0x000000008999e160}: 'int java.lang.invoke.DirectMethodHandle$Holder.invokeStaticInit(java.lang.Object, java.lang.Object, java.lang.Object, long)'> (0x000000008999e160) 
thrown [s\open\src\hotspot\share\interpreter\linkResolver.cpp, line 796]
Event: 0.250 Thread 0x000001a9083e01c0 Exception <a 'sun/nio/fs/WindowsException'{0x0000000089849740}> (0x0000000089849740) 
thrown [s\open\src\hotspot\share\prims\jni.cpp, line 520]
Event: 0.250 Thread 0x000001a9083e01c0 Exception <a 'sun/nio/fs/WindowsException'{0x0000000089849a98}> (0x0000000089849a98) 
thrown [s\open\src\hotspot\share\prims\jni.cpp, line 520]
Event: 0.268 Thread 0x000001a9083e01c0 Exception <a 'java/lang/NoSuchMethodError'{0x0000000089864550}: 'int java.lang.invoke.Invokers$Holder.invokeExact_MT(java.lang.Object, java.lang.Object)'> (0x0000000089864550) 
thrown [s\open\src\hotspot\share\interpreter\linkResolver.cpp, line 796]
Event: 0.415 Thread 0x000001a9083e01c0 Exception <a 'java/lang/NoSuchMethodError'{0x000000008971e728}: 'void java.lang.System.load(java.lang.String, java.lang.Class)'> (0x000000008971e728) 
thrown [s\open\src\hotspot\share\interpreter\linkResolver.cpp, line 796]
Event: 0.415 Thread 0x000001a9083e01c0 Exception <a 'java/lang/NoSuchMethodError'{0x00000000897211b8}: 'void java.lang.System.loadLibrary(java.lang.String, java.lang.Class)'> (0x00000000897211b8) 
thrown [s\open\src\hotspot\share\interpreter\linkResolver.cpp, line 796]
Event: 0.420 Thread 0x000001a9083e01c0 Exception <a 'sun/nio/fs/WindowsException'{0x0000000089730520}> (0x0000000089730520) 
thrown [s\open\src\hotspot\share\prims\jni.cpp, line 520]
Event: 0.421 Thread 0x000001a9083e01c0 Exception <a 'sun/nio/fs/WindowsException'{0x00000000897308b0}> (0x00000000897308b0) 
thrown [s\open\src\hotspot\share\prims\jni.cpp, line 520]
Event: 0.434 Thread 0x000001a9083e01c0 Exception <a 'sun/nio/fs/WindowsException'{0x0000000089739a78}> (0x0000000089739a78) 
thrown [s\open\src\hotspot\share\prims\jni.cpp, line 520]
Event: 0.434 Thread 0x000001a9083e01c0 Exception <a 'sun/nio/fs/WindowsException'{0x0000000089739d48}> (0x0000000089739d48) 
thrown [s\open\src\hotspot\share\prims\jni.cpp, line 520]

VM Operations (4 events):
Event: 0.069 Executing VM operation: HandshakeAllThreads (Deoptimize)
Event: 0.069 Executing VM operation: HandshakeAllThreads (Deoptimize) done
Event: 0.146 Executing VM operation: HandshakeAllThreads (Deoptimize)
Event: 0.146 Executing VM operation: HandshakeAllThreads (Deoptimize) done

Memory protections (0 events):
No events

Nmethod flushes (0 events):
No events

Events (11 events):
Event: 0.022 Thread 0x000001a9083e01c0 Thread added: 0x000001a9083e01c0
Event: 0.033 Thread 0x000001a9083e01c0 Thread added: 0x000001a92726f960
Event: 0.033 Thread 0x000001a9083e01c0 Thread added: 0x000001a927270880
Event: 0.033 Thread 0x000001a9083e01c0 Thread added: 0x000001a9272735a0
Event: 0.033 Thread 0x000001a9083e01c0 Thread added: 0x000001a927276b40
Event: 0.033 Thread 0x000001a9083e01c0 Thread added: 0x000001a92727adf0
Event: 0.033 Thread 0x000001a9083e01c0 Thread added: 0x000001a92727b460
Event: 0.033 Thread 0x000001a9083e01c0 Thread added: 0x000001a92727e5b0
Event: 0.033 Thread 0x000001a9083e01c0 Thread added: 0x000001a92728b160
Event: 0.056 Thread 0x000001a9083e01c0 Thread added: 0x000001a9273d58e0
Event: 0.058 Thread 0x000001a9083e01c0 Thread added: 0x000001a9273d6d70


Dynamic libraries:
0x00007ff7604b0000 - 0x00007ff7604c0000 	C:\Program Files\Java\jdk-23\bin\java.exe
0x00007ffaa52d0000 - 0x00007ffaa54e7000 	C:\WINDOWS\SYSTEM32\ntdll.dll
0x00007ffaa4590000 - 0x00007ffaa4654000 	C:\WINDOWS\System32\KERNEL32.DLL
0x00007ffaa25d0000 - 0x00007ffaa2989000 	C:\WINDOWS\System32\KERNELBASE.dll
0x00007ffaa2a40000 - 0x00007ffaa2b51000 	C:\WINDOWS\System32\ucrtbase.dll
0x00007ffa872d0000 - 0x00007ffa872eb000 	C:\Program Files\Java\jdk-23\bin\VCRUNTIME140.dll
0x00007ffa669e0000 - 0x00007ffa669f7000 	C:\Program Files\Java\jdk-23\bin\jli.dll
0x00007ffaa37a0000 - 0x00007ffaa394e000 	C:\WINDOWS\System32\USER32.dll
0x00007ffaa2d90000 - 0x00007ffaa2db6000 	C:\WINDOWS\System32\win32u.dll
0x00007ffa7c100000 - 0x00007ffa7c392000 	C:\WINDOWS\WinSxS\amd64_microsoft.windows.common-controls_6595b64144ccf1df_6.0.22621.4391_none_2715d37f73803e96\COMCTL32.dll
0x00007ffaa4670000 - 0x00007ffaa4717000 	C:\WINDOWS\System32\msvcrt.dll
0x00007ffaa5260000 - 0x00007ffaa5289000 	C:\WINDOWS\System32\GDI32.dll
0x00007ffaa2c70000 - 0x00007ffaa2d8b000 	C:\WINDOWS\System32\gdi32full.dll
0x00007ffaa2b60000 - 0x00007ffaa2bfa000 	C:\WINDOWS\System32\msvcp_win.dll
0x00007ffaa3100000 - 0x00007ffaa3131000 	C:\WINDOWS\System32\IMM32.DLL
0x00007ffa91110000 - 0x00007ffa9111c000 	C:\Program Files\Java\jdk-23\bin\vcruntime140_1.dll
0x00007ffa56b20000 - 0x00007ffa56bae000 	C:\Program Files\Java\jdk-23\bin\msvcp140.dll
0x00007ffa23ba0000 - 0x00007ffa248ef000 	C:\Program Files\Java\jdk-23\bin\server\jvm.dll
0x00007ffaa3140000 - 0x00007ffaa31f2000 	C:\WINDOWS\System32\ADVAPI32.dll
0x00007ffaa4860000 - 0x00007ffaa4907000 	C:\WINDOWS\System32\sechost.dll
0x00007ffaa2a10000 - 0x00007ffaa2a38000 	C:\WINDOWS\System32\bcrypt.dll
0x00007ffaa4ae0000 - 0x00007ffaa4bf4000 	C:\WINDOWS\System32\RPCRT4.dll
0x00007ffaa3960000 - 0x00007ffaa39d1000 	C:\WINDOWS\System32\WS2_32.dll
0x00007ffaa1870000 - 0x00007ffaa18bd000 	C:\WINDOWS\SYSTEM32\POWRPROF.dll
0x00007ffa9cdf0000 - 0x00007ffa9ce24000 	C:\WINDOWS\SYSTEM32\WINMM.dll
0x00007ffa994a0000 - 0x00007ffa994aa000 	C:\WINDOWS\SYSTEM32\VERSION.dll
0x00007ffaa1760000 - 0x00007ffaa1773000 	C:\WINDOWS\SYSTEM32\UMPDC.dll
0x00007ffaa15d0000 - 0x00007ffaa15e8000 	C:\WINDOWS\SYSTEM32\kernel.appcore.dll
0x00007ffa90b00000 - 0x00007ffa90b0a000 	C:\Program Files\Java\jdk-23\bin\jimage.dll
0x00007ffa9fe90000 - 0x00007ffaa00c2000 	C:\WINDOWS\SYSTEM32\DBGHELP.DLL
0x00007ffaa3330000 - 0x00007ffaa36bf000 	C:\WINDOWS\System32\combase.dll
0x00007ffaa4780000 - 0x00007ffaa4857000 	C:\WINDOWS\System32\OLEAUT32.dll
0x00007ffa99070000 - 0x00007ffa990a2000 	C:\WINDOWS\SYSTEM32\dbgcore.DLL
0x00007ffaa2990000 - 0x00007ffaa2a0b000 	C:\WINDOWS\System32\bcryptPrimitives.dll
0x00007ffa65120000 - 0x00007ffa6513e000 	C:\Program Files\Java\jdk-23\bin\java.dll
0x00007ffaa39e0000 - 0x00007ffaa3b85000 	C:\WINDOWS\System32\ole32.dll
0x00007ffaa3b90000 - 0x00007ffaa4406000 	C:\WINDOWS\System32\SHELL32.dll
0x00007ffaa0350000 - 0x00007ffaa0c53000 	C:\WINDOWS\SYSTEM32\windows.storage.dll
0x00007ffaa0c90000 - 0x00007ffaa0dcf000 	C:\WINDOWS\SYSTEM32\wintypes.dll
0x00007ffaa4410000 - 0x00007ffaa4509000 	C:\WINDOWS\System32\SHCORE.dll
0x00007ffaa4720000 - 0x00007ffaa477e000 	C:\WINDOWS\System32\shlwapi.dll
0x00007ffaa2500000 - 0x00007ffaa252b000 	C:\WINDOWS\SYSTEM32\profapi.dll
0x00007ffa55810000 - 0x00007ffa558e7000 	C:\Program Files\Java\jdk-23\bin\jsvml.dll
0x00007ffa885f0000 - 0x00007ffa88600000 	C:\Program Files\Java\jdk-23\bin\net.dll
0x00007ffaa1b30000 - 0x00007ffaa1b99000 	C:\WINDOWS\system32\mswsock.dll
0x00007ffa58be0000 - 0x00007ffa58bf6000 	C:\Program Files\Java\jdk-23\bin\nio.dll
0x00007ffa58ec0000 - 0x00007ffa58ed7000 	C:\Program Files\Java\jdk-23\bin\zip.dll
0x00007ffa87310000 - 0x00007ffa8738b000 	C:\Users\badr\AppData\Local\Temp\lwjgl_badr\3.3.4+7\x64\lwjgl.dll
0x00007ffa58060000 - 0x00007ffa580e5000 	C:\Users\badr\AppData\Local\Temp\lwjgl_badr\3.3.4+7\x64\glfw.dll
0x00007ffa9eb80000 - 0x00007ffa9ebc6000 	C:\WINDOWS\SYSTEM32\dinput8.dll
0x00007ffa9e520000 - 0x00007ffa9e531000 	C:\WINDOWS\SYSTEM32\xinput1_4.dll
0x00007ffaa22d0000 - 0x00007ffaa231e000 	C:\WINDOWS\SYSTEM32\cfgmgr32.dll
0x00007ffaa2290000 - 0x00007ffaa22bc000 	C:\WINDOWS\SYSTEM32\DEVOBJ.dll
0x00007ffa9f920000 - 0x00007ffa9f94b000 	C:\WINDOWS\SYSTEM32\dwmapi.dll
0x00007ffa79cd0000 - 0x00007ffa79ee3000 	C:\WINDOWS\SYSTEM32\inputhost.dll
0x00007ffa9dfc0000 - 0x00007ffa9e0f3000 	C:\WINDOWS\SYSTEM32\CoreMessaging.dll
0x00007ffa9f6c0000 - 0x00007ffa9f771000 	C:\WINDOWS\system32\uxtheme.dll
0x00007ffaa5080000 - 0x00007ffaa51e0000 	C:\WINDOWS\System32\MSCTF.dll
0x00007ffaa1e60000 - 0x00007ffaa1e6c000 	C:\WINDOWS\SYSTEM32\CRYPTBASE.DLL
0x00007ffa85cb0000 - 0x00007ffa85db0000 	C:\WINDOWS\SYSTEM32\opengl32.dll
0x00007ffa85f00000 - 0x00007ffa85f2d000 	C:\WINDOWS\SYSTEM32\GLU32.dll
0x00007ffa9f7d0000 - 0x00007ffa9f807000 	C:\WINDOWS\SYSTEM32\dxcore.dll
0x00007ffa9ab50000 - 0x00007ffa9ab99000 	C:\WINDOWS\SYSTEM32\directxdatabasehelper.dll
0x00007ffaa2ff0000 - 0x00007ffaa30a0000 	C:\WINDOWS\System32\clbcatq.dll
0x00007ffa22bc0000 - 0x00007ffa23b92000 	C:\Windows\System32\DriverStore\FileRepository\iigd_dch.inf_amd64_2b1d9e395a05d1c9\ig9icd64.dll
0x00007ffa9f810000 - 0x00007ffa9f907000 	C:\WINDOWS\system32\dxgi.dll
0x00007ffa94da0000 - 0x00007ffa94ff8000 	C:\Windows\System32\DriverStore\FileRepository\iigd_dch.inf_amd64_2b1d9e395a05d1c9\igdgmm64.dll
0x00007ffa91e30000 - 0x00007ffa94b10000 	C:\Windows\System32\DriverStore\FileRepository\iigd_dch.inf_amd64_2b1d9e395a05d1c9\igc64.dll
0x00007ffa54c20000 - 0x00007ffa5503a000 	C:\Windows\System32\DriverStore\FileRepository\iigd_dch.inf_amd64_2b1d9e395a05d1c9\igdml64.dll
0x00007ffa78fa0000 - 0x00007ffa790e5000 	C:\WINDOWS\SYSTEM32\textinputframework.dll
0x00007ffa9a2d0000 - 0x00007ffa9a63d000 	C:\WINDOWS\SYSTEM32\CoreUIComponents.dll
0x00007ffa57ff0000 - 0x00007ffa58051000 	C:\Users\badr\AppData\Local\Temp\lwjgl_badr\3.3.4+7\x64\lwjgl_opengl.dll

dbghelp: loaded successfully - version: 4.0.5 - missing functions: none
symbol engine: initialized successfully - sym options: 0x614 - pdb path: .;C:\Program Files\Java\jdk-23\bin;C:\WINDOWS\SYSTEM32;C:\WINDOWS\WinSxS\amd64_microsoft.windows.common-controls_6595b64144ccf1df_6.0.22621.4391_none_2715d37f73803e96;C:\Program Files\Java\jdk-23\bin\server;C:\Users\badr\AppData\Local\Temp\lwjgl_badr\3.3.4+7\x64;C:\Windows\System32\DriverStore\FileRepository\iigd_dch.inf_amd64_2b1d9e395a05d1c9

VM Arguments:
jvm_args: -Dfile.encoding=UTF-8 -Duser.country=US -Duser.language=en -Duser.variant 
java_command: edu.zerosquares.Main
java_class_path (initial): C:\Zero-Squares\zerosquares\build\classes\java\main;C:\Zero-Squares\zerosquares\build\resources\main;C:\Users\badr\.gradle\caches\modules-2\files-2.1\org.lwjgl\lwjgl-assimp\3.3.4\4651577de25afb21511c4b39e1ee3002ab1cad5d\lwjgl-assimp-3.3.4.jar;C:\Users\badr\.gradle\caches\modules-2\files-2.1\org.lwjgl\lwjgl-assimp\3.3.4\65a7534e8a97b340c5e9716e15339b2b8964d656\lwjgl-assimp-3.3.4-natives-windows.jar;C:\Users\badr\.gradle\caches\modules-2\files-2.1\org.lwjgl\lwjgl-glfw\3.3.4\7e46ecdec85db8738053cfde1414352cd62dab74\lwjgl-glfw-3.3.4.jar;C:\Users\badr\.gradle\caches\modules-2\files-2.1\org.lwjgl\lwjgl-glfw\3.3.4\370ef92d15819a123c643dd2b0fc3a2d40bb263c\lwjgl-glfw-3.3.4-natives-windows.jar;C:\Users\badr\.gradle\caches\modules-2\files-2.1\org.lwjgl\lwjgl-nfd\3.3.4\176827b812b331189e36d4879926f50f4fc37b50\lwjgl-nfd-3.3.4.jar;C:\Users\badr\.gradle\caches\modules-2\files-2.1\org.lwjgl\lwjgl-nfd\3.3.4\f67e276de66b5666322c6cbc7772786de99634bf\lwjgl-nfd-3.3.4-natives-windows.jar;C:\Users\badr\.gradle\caches\modules-2\files-2.1\org.lwjgl\lwjgl-openal\3.3.4\9b74d3ea380c83353d42af43ad9659e04dabe84a\lwjgl-openal-3.3.4.jar;C:\Users\badr\.gradle\caches\modules-2\files-2.1\org.lwjgl\lwjgl-openal\3.3.4\c4de8af803aacda71044418095a71cd63b569a15\lwjgl-openal-3.3.4-natives-windows.jar;C:\Users\badr\.gradle\caches\modules-2\files-2.1\org.lwjgl\lwjgl-opengl\3.3.4\2852ac7d9f6fc71349f1ce28e2708ff1977f18af\lwjgl-opengl-3.3.4.jar;C:\Users\badr\.gradle\caches\modules-2\files-2.1\org.lwjgl\lwjgl-opengl\3.3.4\f7ca4e75573a9ce83075bd86bc8a3e49ff106696\lwjgl-opengl-3.3.4-natives-windows.jar;C:\Users\badr\.gradle\caches\modules-2\files-2.1\org.lwjgl\lwjgl-stb\3.3.4\5821735d5ef23f6da8542887344e57eb181b7cac\lwjgl-stb-3.3.4.jar;C:\Users\badr\.gradle\caches\modules-2\files-2.1\org.lwjgl\lwjgl-stb\3.3.4\8310e565463ec8d369528e8b26a9b1518d079a01\lwjgl-stb-3.3.4-natives-windows.jar;C:\Users\badr\.gradle\caches\modules-2\files-2.1\org.lwjgl\lwjgl\3.3.4\b86c3e4832426e8a6b466013b7cb34b40e9ce956\lwjgl-3.3.4.jar;C:\Users\badr\.gradle\caches\modules-2\files-2.1\org.lwjgl\lwjgl\3.3.4\dd0927c1348cdcd9573fa24b7278ec1ac2bb0a76\lwjgl-3.3.4-natives-windows.jar;C:\Users\badr\.gradle\caches\modules-2\files-2.1\org.joml\joml\1.10.7\f8c3f2e7db281bde099342dd36133de4bbba390c\joml-1.10.7.jar;C:\Users\badr\.gradle\caches\modules-2\files-2.1\org.jetbrains.kotlin\kotlin-stdlib-jdk8\1.8.20\73576ddf378c5b4f1f6b449fe6b119b8183fc078\kotlin-stdlib-jdk8-1.8.20.jar;C:\Users\badr\.gradle\caches\modules-2\files-2.1\org.jetbrains.kotlin\kotlin-stdlib-jdk7\1.8.20\3aa51faf20aae8b31e1a4bc54f8370673d7b7df4\kotlin-stdlib-jdk7-1.8.20.jar;C:\Users\badr\.gradle\caches\modules-2\files-2.1\org.jetbrains.kotlin\kotlin-stdlib\1.8.20\e72fc5e03ec6c064c678a6bd0d955c88d55b0c4a\kotlin-stdlib-1.8.20.jar;C:\Users\badr\.gradle\caches\modules-2\files-2.1\org.jetbrains.kotlin\kotlin-stdlib-common\1.8.20\5eddaaf234c8c49d03eebeb6a14feb7f90faca71\kotlin-stdlib-common-1.8.20.jar;C:\Users\badr\.gradle\caches\modules-2\files-2.1\org.jetbrains\annotations\13.0\919f0dfe192fb4e063e7dacadee7f8bb9a2672a9\annotations-13.0.jar
Launcher Type: SUN_STANDARD

[Global flags]
     intx CICompilerCount                          = 4                                         {product} {ergonomic}
     uint ConcGCThreads                            = 2                                         {product} {ergonomic}
     uint G1ConcRefinementThreads                  = 8                                         {product} {ergonomic}
   size_t G1HeapRegionSize                         = 1048576                                   {product} {ergonomic}
   size_t InitialHeapSize                          = 134217728                                 {product} {ergonomic}
   size_t MarkStackSize                            = 4194304                                   {product} {ergonomic}
   size_t MarkStackSizeMax                         = 536870912                                 {product} {ergonomic}
   size_t MaxHeapSize                              = 2116026368                                {product} {ergonomic}
   size_t MaxNewSize                               = 1268776960                                {product} {ergonomic}
   size_t MinHeapDeltaBytes                        = 1048576                                   {product} {ergonomic}
   size_t MinHeapSize                              = 8388608                                   {product} {ergonomic}
    uintx NonNMethodCodeHeapSize                   = 5832704                                {pd product} {ergonomic}
    uintx NonProfiledCodeHeapSize                  = 122945536                              {pd product} {ergonomic}
    uintx ProfiledCodeHeapSize                     = 122880000                              {pd product} {ergonomic}
    uintx ReservedCodeCacheSize                    = 251658240                              {pd product} {ergonomic}
     bool SegmentedCodeCache                       = true                                      {product} {ergonomic}
   size_t SoftMaxHeapSize                          = 2116026368                             {manageable} {ergonomic}
     bool UseCompressedOops                        = true                           {product lp64_product} {ergonomic}
     bool UseG1GC                                  = true                                      {product} {ergonomic}
     bool UseLargePagesIndividualAllocation        = false                                  {pd product} {ergonomic}

Logging:
Log output configuration:
 #0: stdout all=warning uptime,level,tags foldmultilines=false
 #1: stderr all=off uptime,level,tags foldmultilines=false

Environment Variables:
PATH=C:\Program Files\Common Files\Oracle\Java\javapath;C:\Program Files (x86)\VMware\VMware Workstation\bin\;C:\WINDOWS\system32;C:\WINDOWS;C:\WINDOWS\System32\Wbem;C:\WINDOWS\System32\WindowsPowerShell\v1.0\;C:\WINDOWS\System32\OpenSSH\;C:\xampp\php;C:\ProgramData\ComposerSetup\bin;C:\Program Files\Git\cmd;C:\Program Files\nodejs\;C:\Program Files\Docker\Docker\resources\bin;C:\Program Files\MongoDB\mongosh-2.3.2-win32-x64\bin;C:\Program Files\MongoDB\mongodb-database-tools-windows-x86_64-100.10.0\bin;C:\Users\badr\AppData\Local\Programs\Python\Python313;C:\Program Files (x86)\Windows Kits\10\Windows Performance Toolkit\;C:\Program Files\CMake\bin;C:\Users\badr\AppData\Local\Programs\Python\Python312\Scripts\;C:\Users\badr\AppData\Local\Programs\Python\Python312\;C:\Users\badr\AppData\Local\Microsoft\WindowsApps;C:\Users\badr\AppData\Roaming\Composer\vendor\bin;C:\Users\badr\AppData\Local\Programs\Microsoft VS Code\bin;C:\Program Files\JetBrains\PhpStorm 2024.1\bin;;C:\Users\badr\AppData\Roaming\npm;;C:\Program Files\JetBrains\IntelliJ IDEA Community Edition 2024.2.3\bin;
USERNAME=badr
OS=Windows_NT
PROCESSOR_IDENTIFIER=Intel64 Family 6 Model 142 Stepping 12, GenuineIntel
TMP=C:\Users\badr\AppData\Local\Temp
TEMP=C:\Users\badr\AppData\Local\Temp




Periodic native trim disabled

---------------  S Y S T E M  ---------------

OS:
 Windows 11 , 64 bit Build 22621 (10.0.22621.4391)
OS uptime: 0 days 23:10 hours
Hyper-V role detected

CPU: total 8 (initial active 8) (4 cores per cpu, 2 threads per core) family 6 model 142 stepping 12 microcode 0xfa, cx8, cmov, fxsr, ht, mmx, 3dnowpref, sse, sse2, sse3, ssse3, sse4.1, sse4.2, popcnt, lzcnt, tsc, tscinvbit, avx, avx2, aes, erms, clmul, bmi1, bmi2, adx, fma, vzeroupper, clflush, clflushopt, hv, rdtscp, f16c
Processor Information for the first 8 processors :
  Max Mhz: 1800, Current Mhz: 1600, Mhz Limit: 1584

Memory: 4k page, system-wide physical 8070M (1093M free)
TotalPageFile size 15494M (AvailPageFile size 3607M)
current process WorkingSet (physical memory assigned to process): 96M, peak: 96M
current process commit charge ("private bytes"): 230M, peak: 230M

vm_info: Java HotSpot(TM) 64-Bit Server VM (23.0.1+11-39) for windows-amd64 JRE (23.0.1+11-39), built on 2024-09-30T07:20:43Z with MS VC++ 17.6 (VS2022)

END.
